2025-09-18 10:05:19 | INFO | {'message': 'I just loved recipe! It was amazing.', 'author': 'Charlie', 'timestamp': '2025-09-18 10:05:19', 'category': 'food', 'sentiment': 0.65, 'keyword_mentioned': 'recipe', 'message_length': 36}
2025-09-18 10:05:24 | INFO | {'message': 'I just tried recipe! It was amazing.', 'author': 'Alice', 'timestamp': '2025-09-18 10:05:24', 'category': 'food', 'sentiment': 0.94, 'keyword_mentioned': 'recipe', 'message_length': 36}
2025-09-18 10:05:29 | INFO | {'message': 'I just tried game! It was amazing.', 'author': 'Bob', 'timestamp': '2025-09-18 10:05:29', 'category': 'gaming', 'sentiment': 0.68, 'keyword_mentioned': 'game', 'message_length': 34}
2025-09-18 10:05:36 | INFO | {'message': 'I just loved a trick! It was boring.', 'author': 'Eve', 'timestamp': '2025-09-18 10:05:36', 'category': 'other', 'sentiment': 0.73, 'keyword_mentioned': 'other', 'message_length': 36}
2025-09-18 10:05:41 | INFO | {'message': 'I just tried travel! It was funny.', 'author': 'Bob', 'timestamp': '2025-09-18 10:05:41', 'category': 'travel', 'sentiment': 0.07, 'keyword_mentioned': 'travel', 'message_length': 34}
2025-09-18 10:05:46 | INFO | {'message': 'I just found a trick! It was weird.', 'author': 'Charlie', 'timestamp': '2025-09-18 10:05:46', 'category': 'other', 'sentiment': 0.16, 'keyword_mentioned': 'other', 'message_length': 35}
2025-09-18 10:05:51 | INFO | {'message': 'I just tried JavaScript! It was amazing.', 'author': 'Bob', 'timestamp': '2025-09-18 10:05:51', 'category': 'tech', 'sentiment': 0.86, 'keyword_mentioned': 'JavaScript', 'message_length': 40}
2025-09-18 10:05:56 | INFO | {'message': 'I just saw travel! It was exciting.', 'author': 'Bob', 'timestamp': '2025-09-18 10:05:56', 'category': 'travel', 'sentiment': 0.24, 'keyword_mentioned': 'travel', 'message_length': 35}
2025-09-18 10:06:01 | INFO | {'message': 'I just shared a story! It was funny.', 'author': 'Alice', 'timestamp': '2025-09-18 10:06:01', 'category': 'other', 'sentiment': 0.69, 'keyword_mentioned': 'other', 'message_length': 36}
2025-09-18 10:06:06 | INFO | {'message': 'I just found JavaScript! It was weird.', 'author': 'Charlie', 'timestamp': '2025-09-18 10:06:06', 'category': 'tech', 'sentiment': 0.25, 'keyword_mentioned': 'JavaScript', 'message_length': 38}
2025-09-18 10:06:14 | INFO | {'message': 'I just shared game! It was amazing.', 'author': 'Alice', 'timestamp': '2025-09-18 10:06:14', 'category': 'gaming', 'sentiment': 0.8, 'keyword_mentioned': 'game', 'message_length': 35}
2025-09-18 10:06:19 | INFO | {'message': 'I just shared a story! It was boring.', 'author': 'Charlie', 'timestamp': '2025-09-18 10:06:19', 'category': 'other', 'sentiment': 0.6, 'keyword_mentioned': 'other', 'message_length': 37}
2025-09-18 10:06:24 | INFO | {'message': 'I just found a movie! It was boring.', 'author': 'Eve', 'timestamp': '2025-09-18 10:06:24', 'category': 'entertainment', 'sentiment': 0.37, 'keyword_mentioned': 'movie', 'message_length': 36}
2025-09-18 10:06:29 | INFO | {'message': 'I just saw travel! It was exciting.', 'author': 'Charlie', 'timestamp': '2025-09-18 10:06:29', 'category': 'travel', 'sentiment': 0.14, 'keyword_mentioned': 'travel', 'message_length': 35}
2025-09-18 10:06:34 | INFO | {'message': 'I just loved JavaScript! It was exciting.', 'author': 'Eve', 'timestamp': '2025-09-18 10:06:34', 'category': 'tech', 'sentiment': 0.01, 'keyword_mentioned': 'JavaScript', 'message_length': 41}
2025-09-18 10:06:39 | INFO | {'message': 'I just shared travel! It was boring.', 'author': 'Alice', 'timestamp': '2025-09-18 10:06:39', 'category': 'travel', 'sentiment': 0.98, 'keyword_mentioned': 'travel', 'message_length': 36}
2025-09-18 10:06:47 | INFO | {'message': 'I just saw an app! It was funny.', 'author': 'Alice', 'timestamp': '2025-09-18 10:06:47', 'category': 'other', 'sentiment': 0.08, 'keyword_mentioned': 'other', 'message_length': 32}
2025-09-18 10:06:52 | INFO | {'message': 'I just shared a movie! It was funny.', 'author': 'Eve', 'timestamp': '2025-09-18 10:06:52', 'category': 'entertainment', 'sentiment': 0.31, 'keyword_mentioned': 'movie', 'message_length': 36}
2025-09-18 10:06:57 | INFO | {'message': 'I just loved travel! It was exciting.', 'author': 'Alice', 'timestamp': '2025-09-18 10:06:57', 'category': 'travel', 'sentiment': 0.53, 'keyword_mentioned': 'travel', 'message_length': 37}
2025-09-18 10:07:02 | INFO | {'message': 'I just shared a trick! It was funny.', 'author': 'Charlie', 'timestamp': '2025-09-18 10:07:02', 'category': 'other', 'sentiment': 0.51, 'keyword_mentioned': 'other', 'message_length': 36}
2025-09-18 10:07:07 | INFO | {'message': 'I just shared travel! It was weird.', 'author': 'Eve', 'timestamp': '2025-09-18 10:07:07', 'category': 'travel', 'sentiment': 0.56, 'keyword_mentioned': 'travel', 'message_length': 35}
2025-09-18 10:07:12 | INFO | {'message': 'I just shared game! It was funny.', 'author': 'Alice', 'timestamp': '2025-09-18 10:07:12', 'category': 'gaming', 'sentiment': 0.77, 'keyword_mentioned': 'game', 'message_length': 33}
2025-09-18 10:07:17 | INFO | {'message': 'I just tried travel! It was boring.', 'author': 'Charlie', 'timestamp': '2025-09-18 10:07:17', 'category': 'travel', 'sentiment': 0.98, 'keyword_mentioned': 'travel', 'message_length': 35}
2025-09-18 10:07:25 | INFO | {'message': 'I just tried a trick! It was weird.', 'author': 'Charlie', 'timestamp': '2025-09-18 10:07:25', 'category': 'other', 'sentiment': 0.48, 'keyword_mentioned': 'other', 'message_length': 35}
2025-09-18 10:07:30 | INFO | {'message': 'I just tried a story! It was weird.', 'author': 'Eve', 'timestamp': '2025-09-18 10:07:30', 'category': 'other', 'sentiment': 0.37, 'keyword_mentioned': 'other', 'message_length': 35}
2025-09-18 10:07:35 | INFO | {'message': 'I just tried a movie! It was weird.', 'author': 'Bob', 'timestamp': '2025-09-18 10:07:35', 'category': 'entertainment', 'sentiment': 0.74, 'keyword_mentioned': 'movie', 'message_length': 35}
2025-09-18 10:07:40 | INFO | {'message': 'I just saw JavaScript! It was amazing.', 'author': 'Charlie', 'timestamp': '2025-09-18 10:07:40', 'category': 'tech', 'sentiment': 0.8, 'keyword_mentioned': 'JavaScript', 'message_length': 38}
2025-09-18 10:07:45 | INFO | {'message': 'I just loved recipe! It was funny.', 'author': 'Charlie', 'timestamp': '2025-09-18 10:07:45', 'category': 'food', 'sentiment': 0.87, 'keyword_mentioned': 'recipe', 'message_length': 34}
2025-09-18 10:07:50 | INFO | {'message': 'I just loved Python! It was funny.', 'author': 'Bob', 'timestamp': '2025-09-18 10:07:50', 'category': 'tech', 'sentiment': 0.83, 'keyword_mentioned': 'Python', 'message_length': 34}
2025-09-18 10:07:57 | INFO | {'message': 'I just shared a story! It was funny.', 'author': 'Bob', 'timestamp': '2025-09-18 10:07:57', 'category': 'other', 'sentiment': 0.08, 'keyword_mentioned': 'other', 'message_length': 36}
2025-09-18 10:08:02 | INFO | {'message': 'I just found a meme! It was amazing.', 'author': 'Charlie', 'timestamp': '2025-09-18 10:08:02', 'category': 'humor', 'sentiment': 0.32, 'keyword_mentioned': 'meme', 'message_length': 36}
2025-09-18 10:08:07 | INFO | {'message': 'I just loved a story! It was exciting.', 'author': 'Charlie', 'timestamp': '2025-09-18 10:08:07', 'category': 'other', 'sentiment': 0.51, 'keyword_mentioned': 'other', 'message_length': 38}
2025-09-18 10:08:12 | INFO | {'message': 'I just saw recipe! It was weird.', 'author': 'Charlie', 'timestamp': '2025-09-18 10:08:12', 'category': 'food', 'sentiment': 0.88, 'keyword_mentioned': 'recipe', 'message_length': 32}
2025-09-18 10:08:17 | INFO | {'message': 'I just loved Python! It was boring.', 'author': 'Charlie', 'timestamp': '2025-09-18 10:08:17', 'category': 'tech', 'sentiment': 0.88, 'keyword_mentioned': 'Python', 'message_length': 35}
2025-09-18 10:08:22 | INFO | {'message': 'I just found travel! It was weird.', 'author': 'Charlie', 'timestamp': '2025-09-18 10:08:22', 'category': 'travel', 'sentiment': 0.57, 'keyword_mentioned': 'travel', 'message_length': 34}
2025-09-18 10:08:27 | INFO | {'message': 'I just found recipe! It was boring.', 'author': 'Alice', 'timestamp': '2025-09-18 10:08:27', 'category': 'food', 'sentiment': 0.15, 'keyword_mentioned': 'recipe', 'message_length': 35}
2025-09-18 10:08:35 | INFO | {'message': 'I just found travel! It was amazing.', 'author': 'Eve', 'timestamp': '2025-09-18 10:08:35', 'category': 'travel', 'sentiment': 0.27, 'keyword_mentioned': 'travel', 'message_length': 36}
2025-09-18 10:08:40 | INFO | {'message': 'I just found a trick! It was boring.', 'author': 'Alice', 'timestamp': '2025-09-18 10:08:40', 'category': 'other', 'sentiment': 0.52, 'keyword_mentioned': 'other', 'message_length': 36}
2025-09-18 10:08:45 | INFO | {'message': 'I just shared recipe! It was boring.', 'author': 'Charlie', 'timestamp': '2025-09-18 10:08:45', 'category': 'food', 'sentiment': 0.94, 'keyword_mentioned': 'recipe', 'message_length': 36}
2025-09-18 10:08:50 | INFO | {'message': 'I just loved travel! It was boring.', 'author': 'Charlie', 'timestamp': '2025-09-18 10:08:50', 'category': 'travel', 'sentiment': 0.99, 'keyword_mentioned': 'travel', 'message_length': 35}
2025-09-18 10:08:55 | INFO | {'message': 'I just loved an app! It was amazing.', 'author': 'Bob', 'timestamp': '2025-09-18 10:08:55', 'category': 'other', 'sentiment': 0.55, 'keyword_mentioned': 'other', 'message_length': 36}
2025-09-18 10:09:00 | INFO | {'message': 'I just shared an app! It was amazing.', 'author': 'Charlie', 'timestamp': '2025-09-18 10:09:00', 'category': 'other', 'sentiment': 0.79, 'keyword_mentioned': 'other', 'message_length': 37}
2025-09-18 10:09:08 | INFO | {'message': 'I just found recipe! It was funny.', 'author': 'Eve', 'timestamp': '2025-09-18 10:09:08', 'category': 'food', 'sentiment': 0.9, 'keyword_mentioned': 'recipe', 'message_length': 34}
2025-09-18 10:09:13 | INFO | {'message': 'I just loved a story! It was amazing.', 'author': 'Bob', 'timestamp': '2025-09-18 10:09:13', 'category': 'other', 'sentiment': 0.21, 'keyword_mentioned': 'other', 'message_length': 37}
2025-09-18 10:09:18 | INFO | {'message': 'I just tried travel! It was funny.', 'author': 'Bob', 'timestamp': '2025-09-18 10:09:18', 'category': 'travel', 'sentiment': 0.4, 'keyword_mentioned': 'travel', 'message_length': 34}
2025-09-18 10:09:23 | INFO | {'message': 'I just saw JavaScript! It was boring.', 'author': 'Bob', 'timestamp': '2025-09-18 10:09:23', 'category': 'tech', 'sentiment': 0.83, 'keyword_mentioned': 'JavaScript', 'message_length': 37}
2025-09-18 10:09:28 | INFO | {'message': 'I just saw JavaScript! It was funny.', 'author': 'Alice', 'timestamp': '2025-09-18 10:09:28', 'category': 'tech', 'sentiment': 0.62, 'keyword_mentioned': 'JavaScript', 'message_length': 36}
2025-09-18 10:09:33 | INFO | {'message': 'I just loved recipe! It was amazing.', 'author': 'Charlie', 'timestamp': '2025-09-18 10:09:33', 'category': 'food', 'sentiment': 0.17, 'keyword_mentioned': 'recipe', 'message_length': 36}
2025-09-18 10:09:38 | INFO | {'message': 'I just saw an app! It was amazing.', 'author': 'Charlie', 'timestamp': '2025-09-18 10:09:38', 'category': 'other', 'sentiment': 0.96, 'keyword_mentioned': 'other', 'message_length': 34}
2025-09-18 10:09:46 | INFO | {'message': 'I just shared game! It was amazing.', 'author': 'Charlie', 'timestamp': '2025-09-18 10:09:46', 'category': 'gaming', 'sentiment': 0.48, 'keyword_mentioned': 'game', 'message_length': 35}
2025-09-18 10:09:51 | INFO | {'message': 'I just saw travel! It was weird.', 'author': 'Charlie', 'timestamp': '2025-09-18 10:09:51', 'category': 'travel', 'sentiment': 0.71, 'keyword_mentioned': 'travel', 'message_length': 32}
2025-09-18 10:09:56 | INFO | {'message': 'I just found a story! It was exciting.', 'author': 'Alice', 'timestamp': '2025-09-18 10:09:56', 'category': 'other', 'sentiment': 0.61, 'keyword_mentioned': 'other', 'message_length': 38}
2025-09-18 10:10:01 | INFO | {'message': 'I just loved JavaScript! It was weird.', 'author': 'Eve', 'timestamp': '2025-09-18 10:10:01', 'category': 'tech', 'sentiment': 0.82, 'keyword_mentioned': 'JavaScript', 'message_length': 38}
2025-09-18 10:10:06 | INFO | {'message': 'I just loved a movie! It was weird.', 'author': 'Alice', 'timestamp': '2025-09-18 10:10:06', 'category': 'entertainment', 'sentiment': 0.6, 'keyword_mentioned': 'movie', 'message_length': 35}
2025-09-18 10:10:11 | INFO | {'message': 'I just loved game! It was weird.', 'author': 'Alice', 'timestamp': '2025-09-18 10:10:11', 'category': 'gaming', 'sentiment': 0.29, 'keyword_mentioned': 'game', 'message_length': 32}
2025-09-18 10:10:18 | INFO | {'message': 'I just saw a movie! It was boring.', 'author': 'Charlie', 'timestamp': '2025-09-18 10:10:18', 'category': 'entertainment', 'sentiment': 0.56, 'keyword_mentioned': 'movie', 'message_length': 34}
2025-09-18 10:10:23 | INFO | {'message': 'I just found a trick! It was funny.', 'author': 'Charlie', 'timestamp': '2025-09-18 10:10:23', 'category': 'other', 'sentiment': 0.16, 'keyword_mentioned': 'other', 'message_length': 35}
2025-09-18 10:10:28 | INFO | {'message': 'I just found an app! It was funny.', 'author': 'Alice', 'timestamp': '2025-09-18 10:10:28', 'category': 'other', 'sentiment': 0.42, 'keyword_mentioned': 'other', 'message_length': 34}
2025-09-18 10:10:33 | INFO | {'message': 'I just loved a movie! It was weird.', 'author': 'Eve', 'timestamp': '2025-09-18 10:10:33', 'category': 'entertainment', 'sentiment': 0.06, 'keyword_mentioned': 'movie', 'message_length': 35}
2025-09-18 10:10:38 | INFO | {'message': 'I just tried a meme! It was weird.', 'author': 'Alice', 'timestamp': '2025-09-18 10:10:38', 'category': 'humor', 'sentiment': 0.62, 'keyword_mentioned': 'meme', 'message_length': 34}
2025-09-18 10:10:43 | INFO | {'message': 'I just shared a meme! It was amazing.', 'author': 'Charlie', 'timestamp': '2025-09-18 10:10:43', 'category': 'humor', 'sentiment': 0.69, 'keyword_mentioned': 'meme', 'message_length': 37}
2025-09-18 10:10:51 | INFO | {'message': 'I just found a trick! It was exciting.', 'author': 'Charlie', 'timestamp': '2025-09-18 10:10:51', 'category': 'other', 'sentiment': 0.71, 'keyword_mentioned': 'other', 'message_length': 38}
2025-09-18 10:10:56 | INFO | {'message': 'I just loved Python! It was weird.', 'author': 'Alice', 'timestamp': '2025-09-18 10:10:56', 'category': 'tech', 'sentiment': 0.69, 'keyword_mentioned': 'Python', 'message_length': 34}
2025-09-18 10:11:01 | INFO | {'message': 'I just found game! It was amazing.', 'author': 'Charlie', 'timestamp': '2025-09-18 10:11:01', 'category': 'gaming', 'sentiment': 0.28, 'keyword_mentioned': 'game', 'message_length': 34}
2025-09-18 10:11:06 | INFO | {'message': 'I just found a meme! It was boring.', 'author': 'Bob', 'timestamp': '2025-09-18 10:11:06', 'category': 'humor', 'sentiment': 0.96, 'keyword_mentioned': 'meme', 'message_length': 35}
2025-09-18 10:11:11 | INFO | {'message': 'I just shared an app! It was exciting.', 'author': 'Alice', 'timestamp': '2025-09-18 10:11:11', 'category': 'other', 'sentiment': 0.6, 'keyword_mentioned': 'other', 'message_length': 38}
2025-09-18 10:11:16 | INFO | {'message': 'I just saw an app! It was exciting.', 'author': 'Alice', 'timestamp': '2025-09-18 10:11:16', 'category': 'other', 'sentiment': 0.11, 'keyword_mentioned': 'other', 'message_length': 35}
2025-09-18 10:11:21 | INFO | {'message': 'I just found an app! It was amazing.', 'author': 'Bob', 'timestamp': '2025-09-18 10:11:21', 'category': 'other', 'sentiment': 0.14, 'keyword_mentioned': 'other', 'message_length': 36}
2025-09-18 10:11:29 | INFO | {'message': 'I just found a trick! It was exciting.', 'author': 'Eve', 'timestamp': '2025-09-18 10:11:29', 'category': 'other', 'sentiment': 0.59, 'keyword_mentioned': 'other', 'message_length': 38}
2025-09-18 10:11:34 | INFO | {'message': 'I just tried an app! It was exciting.', 'author': 'Eve', 'timestamp': '2025-09-18 10:11:34', 'category': 'other', 'sentiment': 0.29, 'keyword_mentioned': 'other', 'message_length': 37}
2025-09-18 10:11:39 | INFO | {'message': 'I just loved Python! It was exciting.', 'author': 'Eve', 'timestamp': '2025-09-18 10:11:39', 'category': 'tech', 'sentiment': 0.12, 'keyword_mentioned': 'Python', 'message_length': 37}
2025-09-18 10:11:44 | INFO | {'message': 'I just shared game! It was weird.', 'author': 'Eve', 'timestamp': '2025-09-18 10:11:44', 'category': 'gaming', 'sentiment': 0.25, 'keyword_mentioned': 'game', 'message_length': 33}
2025-09-18 10:11:49 | INFO | {'message': 'I just tried a movie! It was weird.', 'author': 'Eve', 'timestamp': '2025-09-18 10:11:49', 'category': 'entertainment', 'sentiment': 0.33, 'keyword_mentioned': 'movie', 'message_length': 35}
2025-09-18 10:11:54 | INFO | {'message': 'I just saw a meme! It was exciting.', 'author': 'Alice', 'timestamp': '2025-09-18 10:11:54', 'category': 'humor', 'sentiment': 0.02, 'keyword_mentioned': 'meme', 'message_length': 35}
2025-09-18 10:12:01 | INFO | {'message': 'I just found game! It was funny.', 'author': 'Bob', 'timestamp': '2025-09-18 10:12:01', 'category': 'gaming', 'sentiment': 0.56, 'keyword_mentioned': 'game', 'message_length': 32}
2025-09-18 10:12:06 | INFO | {'message': 'I just found recipe! It was exciting.', 'author': 'Bob', 'timestamp': '2025-09-18 10:12:06', 'category': 'food', 'sentiment': 0.59, 'keyword_mentioned': 'recipe', 'message_length': 37}
2025-09-18 10:12:11 | INFO | {'message': 'I just found a story! It was funny.', 'author': 'Eve', 'timestamp': '2025-09-18 10:12:11', 'category': 'other', 'sentiment': 0.96, 'keyword_mentioned': 'other', 'message_length': 35}
2025-09-18 10:12:16 | INFO | {'message': 'I just saw an app! It was boring.', 'author': 'Alice', 'timestamp': '2025-09-18 10:12:16', 'category': 'other', 'sentiment': 0.6, 'keyword_mentioned': 'other', 'message_length': 33}
2025-09-18 10:12:21 | INFO | {'message': 'I just loved a meme! It was boring.', 'author': 'Eve', 'timestamp': '2025-09-18 10:12:21', 'category': 'humor', 'sentiment': 0.2, 'keyword_mentioned': 'meme', 'message_length': 35}
2025-09-18 10:12:27 | INFO | {'message': 'I just saw a story! It was boring.', 'author': 'Eve', 'timestamp': '2025-09-18 10:12:27', 'category': 'other', 'sentiment': 0.85, 'keyword_mentioned': 'other', 'message_length': 34}
2025-09-18 10:12:32 | INFO | {'message': 'I just shared a trick! It was weird.', 'author': 'Alice', 'timestamp': '2025-09-18 10:12:32', 'category': 'other', 'sentiment': 0.6, 'keyword_mentioned': 'other', 'message_length': 36}
2025-09-18 10:12:39 | INFO | {'message': 'I just tried a trick! It was exciting.', 'author': 'Charlie', 'timestamp': '2025-09-18 10:12:39', 'category': 'other', 'sentiment': 0.03, 'keyword_mentioned': 'other', 'message_length': 38}
2025-09-18 10:12:44 | INFO | {'message': 'I just found a movie! It was amazing.', 'author': 'Eve', 'timestamp': '2025-09-18 10:12:44', 'category': 'entertainment', 'sentiment': 0.03, 'keyword_mentioned': 'movie', 'message_length': 37}
2025-09-18 10:12:49 | INFO | {'message': 'I just found travel! It was weird.', 'author': 'Charlie', 'timestamp': '2025-09-18 10:12:49', 'category': 'travel', 'sentiment': 0.19, 'keyword_mentioned': 'travel', 'message_length': 34}
2025-09-18 10:12:54 | INFO | {'message': 'I just saw a movie! It was funny.', 'author': 'Eve', 'timestamp': '2025-09-18 10:12:54', 'category': 'entertainment', 'sentiment': 0.46, 'keyword_mentioned': 'movie', 'message_length': 33}
2025-09-18 10:12:59 | INFO | {'message': 'I just shared a story! It was funny.', 'author': 'Bob', 'timestamp': '2025-09-18 10:12:59', 'category': 'other', 'sentiment': 0.38, 'keyword_mentioned': 'other', 'message_length': 36}
2025-09-18 10:13:04 | INFO | {'message': 'I just shared a meme! It was funny.', 'author': 'Alice', 'timestamp': '2025-09-18 10:13:04', 'category': 'humor', 'sentiment': 0.97, 'keyword_mentioned': 'meme', 'message_length': 35}
2025-09-18 10:13:12 | INFO | {'message': 'I just loved a trick! It was boring.', 'author': 'Charlie', 'timestamp': '2025-09-18 10:13:12', 'category': 'other', 'sentiment': 0.63, 'keyword_mentioned': 'other', 'message_length': 36}
2025-09-18 10:13:17 | INFO | {'message': 'I just found Python! It was weird.', 'author': 'Alice', 'timestamp': '2025-09-18 10:13:17', 'category': 'tech', 'sentiment': 0.89, 'keyword_mentioned': 'Python', 'message_length': 34}
2025-09-18 10:13:22 | INFO | {'message': 'I just shared recipe! It was exciting.', 'author': 'Eve', 'timestamp': '2025-09-18 10:13:22', 'category': 'food', 'sentiment': 0.44, 'keyword_mentioned': 'recipe', 'message_length': 38}
2025-09-18 10:13:27 | INFO | {'message': 'I just found JavaScript! It was boring.', 'author': 'Alice', 'timestamp': '2025-09-18 10:13:27', 'category': 'tech', 'sentiment': 0.9, 'keyword_mentioned': 'JavaScript', 'message_length': 39}
2025-09-18 10:13:32 | INFO | {'message': 'I just tried a movie! It was weird.', 'author': 'Eve', 'timestamp': '2025-09-18 10:13:32', 'category': 'entertainment', 'sentiment': 0.45, 'keyword_mentioned': 'movie', 'message_length': 35}
2025-09-18 10:13:37 | INFO | {'message': 'I just found game! It was amazing.', 'author': 'Alice', 'timestamp': '2025-09-18 10:13:37', 'category': 'gaming', 'sentiment': 0.6, 'keyword_mentioned': 'game', 'message_length': 34}
2025-09-18 10:13:42 | INFO | {'message': 'I just tried an app! It was boring.', 'author': 'Charlie', 'timestamp': '2025-09-18 10:13:42', 'category': 'other', 'sentiment': 0.6, 'keyword_mentioned': 'other', 'message_length': 35}
2025-09-18 10:13:50 | INFO | {'message': 'I just saw a story! It was boring.', 'author': 'Alice', 'timestamp': '2025-09-18 10:13:50', 'category': 'other', 'sentiment': 0.59, 'keyword_mentioned': 'other', 'message_length': 34}
2025-09-18 10:13:55 | INFO | {'message': 'I just found a trick! It was boring.', 'author': 'Eve', 'timestamp': '2025-09-18 10:13:55', 'category': 'other', 'sentiment': 0.04, 'keyword_mentioned': 'other', 'message_length': 36}
2025-09-18 10:14:00 | INFO | {'message': 'I just saw a trick! It was funny.', 'author': 'Charlie', 'timestamp': '2025-09-18 10:14:00', 'category': 'other', 'sentiment': 0.81, 'keyword_mentioned': 'other', 'message_length': 33}
2025-09-18 10:14:05 | INFO | {'message': 'I just tried recipe! It was amazing.', 'author': 'Alice', 'timestamp': '2025-09-18 10:14:05', 'category': 'food', 'sentiment': 0.24, 'keyword_mentioned': 'recipe', 'message_length': 36}
2025-09-18 10:14:10 | INFO | {'message': 'I just found recipe! It was weird.', 'author': 'Alice', 'timestamp': '2025-09-18 10:14:10', 'category': 'food', 'sentiment': 0.09, 'keyword_mentioned': 'recipe', 'message_length': 34}
2025-09-18 10:14:15 | INFO | {'message': 'I just saw JavaScript! It was boring.', 'author': 'Charlie', 'timestamp': '2025-09-18 10:14:15', 'category': 'tech', 'sentiment': 0.75, 'keyword_mentioned': 'JavaScript', 'message_length': 37}
2025-09-18 10:14:23 | INFO | {'message': 'I just shared a movie! It was weird.', 'author': 'Bob', 'timestamp': '2025-09-18 10:14:23', 'category': 'entertainment', 'sentiment': 0.0, 'keyword_mentioned': 'movie', 'message_length': 36}
2025-09-18 10:14:28 | INFO | {'message': 'I just shared JavaScript! It was boring.', 'author': 'Alice', 'timestamp': '2025-09-18 10:14:28', 'category': 'tech', 'sentiment': 0.45, 'keyword_mentioned': 'JavaScript', 'message_length': 40}
2025-09-18 10:14:33 | INFO | {'message': 'I just loved JavaScript! It was exciting.', 'author': 'Bob', 'timestamp': '2025-09-18 10:14:33', 'category': 'tech', 'sentiment': 0.61, 'keyword_mentioned': 'JavaScript', 'message_length': 41}
2025-09-18 10:14:38 | INFO | {'message': 'I just tried a trick! It was boring.', 'author': 'Charlie', 'timestamp': '2025-09-18 10:14:38', 'category': 'other', 'sentiment': 0.09, 'keyword_mentioned': 'other', 'message_length': 36}
2025-09-18 10:14:43 | INFO | {'message': 'I just tried JavaScript! It was exciting.', 'author': 'Charlie', 'timestamp': '2025-09-18 10:14:43', 'category': 'tech', 'sentiment': 0.91, 'keyword_mentioned': 'JavaScript', 'message_length': 41}
2025-09-18 10:14:48 | INFO | {'message': 'I just shared an app! It was boring.', 'author': 'Eve', 'timestamp': '2025-09-18 10:14:48', 'category': 'other', 'sentiment': 0.59, 'keyword_mentioned': 'other', 'message_length': 36}
2025-09-18 10:14:56 | INFO | {'message': 'I just shared an app! It was amazing.', 'author': 'Eve', 'timestamp': '2025-09-18 10:14:56', 'category': 'other', 'sentiment': 0.94, 'keyword_mentioned': 'other', 'message_length': 37}
2025-09-18 10:15:01 | INFO | {'message': 'I just saw Python! It was exciting.', 'author': 'Bob', 'timestamp': '2025-09-18 10:15:01', 'category': 'tech', 'sentiment': 0.34, 'keyword_mentioned': 'Python', 'message_length': 35}
2025-09-18 10:15:06 | INFO | {'message': 'I just tried an app! It was exciting.', 'author': 'Charlie', 'timestamp': '2025-09-18 10:15:06', 'category': 'other', 'sentiment': 0.95, 'keyword_mentioned': 'other', 'message_length': 37}
2025-09-18 10:15:11 | INFO | {'message': 'I just shared a story! It was exciting.', 'author': 'Bob', 'timestamp': '2025-09-18 10:15:11', 'category': 'other', 'sentiment': 0.36, 'keyword_mentioned': 'other', 'message_length': 39}
2025-09-18 10:15:16 | INFO | {'message': 'I just saw JavaScript! It was funny.', 'author': 'Charlie', 'timestamp': '2025-09-18 10:15:16', 'category': 'tech', 'sentiment': 0.32, 'keyword_mentioned': 'JavaScript', 'message_length': 36}
2025-09-18 10:15:21 | INFO | {'message': 'I just found game! It was exciting.', 'author': 'Charlie', 'timestamp': '2025-09-18 10:15:21', 'category': 'gaming', 'sentiment': 0.1, 'keyword_mentioned': 'game', 'message_length': 35}
2025-09-18 10:15:26 | INFO | {'message': 'I just shared recipe! It was weird.', 'author': 'Alice', 'timestamp': '2025-09-18 10:15:26', 'category': 'food', 'sentiment': 0.74, 'keyword_mentioned': 'recipe', 'message_length': 35}
2025-09-18 10:15:34 | INFO | {'message': 'I just found a trick! It was funny.', 'author': 'Alice', 'timestamp': '2025-09-18 10:15:34', 'category': 'other', 'sentiment': 0.13, 'keyword_mentioned': 'other', 'message_length': 35}
2025-09-18 10:15:39 | INFO | {'message': 'I just loved Python! It was amazing.', 'author': 'Charlie', 'timestamp': '2025-09-18 10:15:39', 'category': 'tech', 'sentiment': 0.59, 'keyword_mentioned': 'Python', 'message_length': 36}
2025-09-18 10:15:44 | INFO | {'message': 'I just found a meme! It was boring.', 'author': 'Charlie', 'timestamp': '2025-09-18 10:15:44', 'category': 'humor', 'sentiment': 0.46, 'keyword_mentioned': 'meme', 'message_length': 35}
2025-09-18 10:15:49 | INFO | {'message': 'I just found a trick! It was exciting.', 'author': 'Alice', 'timestamp': '2025-09-18 10:15:49', 'category': 'other', 'sentiment': 0.58, 'keyword_mentioned': 'other', 'message_length': 38}
2025-09-18 10:15:54 | INFO | {'message': 'I just found a trick! It was weird.', 'author': 'Bob', 'timestamp': '2025-09-18 10:15:54', 'category': 'other', 'sentiment': 0.92, 'keyword_mentioned': 'other', 'message_length': 35}
2025-09-18 10:15:59 | INFO | {'message': 'I just loved a meme! It was exciting.', 'author': 'Bob', 'timestamp': '2025-09-18 10:15:59', 'category': 'humor', 'sentiment': 0.74, 'keyword_mentioned': 'meme', 'message_length': 37}
2025-09-18 10:16:07 | INFO | {'message': 'I just found a meme! It was exciting.', 'author': 'Bob', 'timestamp': '2025-09-18 10:16:07', 'category': 'humor', 'sentiment': 0.16, 'keyword_mentioned': 'meme', 'message_length': 37}
2025-09-18 10:16:12 | INFO | {'message': 'I just found JavaScript! It was exciting.', 'author': 'Bob', 'timestamp': '2025-09-18 10:16:12', 'category': 'tech', 'sentiment': 0.23, 'keyword_mentioned': 'JavaScript', 'message_length': 41}
2025-09-18 10:16:17 | INFO | {'message': 'I just found game! It was weird.', 'author': 'Alice', 'timestamp': '2025-09-18 10:16:17', 'category': 'gaming', 'sentiment': 0.6, 'keyword_mentioned': 'game', 'message_length': 32}
2025-09-18 10:16:22 | INFO | {'message': 'I just tried a movie! It was funny.', 'author': 'Alice', 'timestamp': '2025-09-18 10:16:22', 'category': 'entertainment', 'sentiment': 0.12, 'keyword_mentioned': 'movie', 'message_length': 35}
2025-09-18 10:16:27 | INFO | {'message': 'I just tried recipe! It was weird.', 'author': 'Bob', 'timestamp': '2025-09-18 10:16:27', 'category': 'food', 'sentiment': 0.24, 'keyword_mentioned': 'recipe', 'message_length': 34}
2025-09-18 10:16:32 | INFO | {'message': 'I just tried JavaScript! It was exciting.', 'author': 'Bob', 'timestamp': '2025-09-18 10:16:32', 'category': 'tech', 'sentiment': 0.48, 'keyword_mentioned': 'JavaScript', 'message_length': 41}
2025-09-18 10:16:37 | INFO | {'message': 'I just found recipe! It was exciting.', 'author': 'Charlie', 'timestamp': '2025-09-18 10:16:37', 'category': 'food', 'sentiment': 0.57, 'keyword_mentioned': 'recipe', 'message_length': 37}
2025-09-18 10:16:45 | INFO | {'message': 'I just tried a movie! It was exciting.', 'author': 'Bob', 'timestamp': '2025-09-18 10:16:45', 'category': 'entertainment', 'sentiment': 0.03, 'keyword_mentioned': 'movie', 'message_length': 38}
2025-09-18 10:16:50 | INFO | {'message': 'I just found a story! It was weird.', 'author': 'Bob', 'timestamp': '2025-09-18 10:16:50', 'category': 'other', 'sentiment': 0.15, 'keyword_mentioned': 'other', 'message_length': 35}
2025-09-18 10:16:55 | INFO | {'message': 'I just shared game! It was boring.', 'author': 'Eve', 'timestamp': '2025-09-18 10:16:55', 'category': 'gaming', 'sentiment': 0.56, 'keyword_mentioned': 'game', 'message_length': 34}
2025-09-18 10:17:00 | INFO | {'message': 'I just found JavaScript! It was exciting.', 'author': 'Alice', 'timestamp': '2025-09-18 10:17:00', 'category': 'tech', 'sentiment': 0.96, 'keyword_mentioned': 'JavaScript', 'message_length': 41}
2025-09-18 10:17:05 | INFO | {'message': 'I just loved JavaScript! It was exciting.', 'author': 'Eve', 'timestamp': '2025-09-18 10:17:05', 'category': 'tech', 'sentiment': 0.66, 'keyword_mentioned': 'JavaScript', 'message_length': 41}
2025-09-18 10:17:10 | INFO | {'message': 'I just shared Python! It was boring.', 'author': 'Bob', 'timestamp': '2025-09-18 10:17:10', 'category': 'tech', 'sentiment': 0.33, 'keyword_mentioned': 'Python', 'message_length': 36}
2025-09-18 10:17:18 | INFO | {'message': 'I just saw JavaScript! It was exciting.', 'author': 'Alice', 'timestamp': '2025-09-18 10:17:18', 'category': 'tech', 'sentiment': 0.11, 'keyword_mentioned': 'JavaScript', 'message_length': 39}
2025-09-18 10:17:23 | INFO | {'message': 'I just shared a meme! It was weird.', 'author': 'Bob', 'timestamp': '2025-09-18 10:17:23', 'category': 'humor', 'sentiment': 0.71, 'keyword_mentioned': 'meme', 'message_length': 35}
2025-09-18 10:17:28 | INFO | {'message': 'I just saw a trick! It was weird.', 'author': 'Eve', 'timestamp': '2025-09-18 10:17:28', 'category': 'other', 'sentiment': 0.8, 'keyword_mentioned': 'other', 'message_length': 33}
2025-09-18 10:17:33 | INFO | {'message': 'I just loved an app! It was exciting.', 'author': 'Charlie', 'timestamp': '2025-09-18 10:17:33', 'category': 'other', 'sentiment': 0.62, 'keyword_mentioned': 'other', 'message_length': 37}
2025-09-18 10:17:38 | INFO | {'message': 'I just loved a trick! It was boring.', 'author': 'Charlie', 'timestamp': '2025-09-18 10:17:38', 'category': 'other', 'sentiment': 0.73, 'keyword_mentioned': 'other', 'message_length': 36}
2025-09-18 10:17:43 | INFO | {'message': 'I just tried a movie! It was funny.', 'author': 'Eve', 'timestamp': '2025-09-18 10:17:43', 'category': 'entertainment', 'sentiment': 1.0, 'keyword_mentioned': 'movie', 'message_length': 35}
2025-09-18 10:17:48 | INFO | {'message': 'I just shared travel! It was funny.', 'author': 'Bob', 'timestamp': '2025-09-18 10:17:48', 'category': 'travel', 'sentiment': 0.99, 'keyword_mentioned': 'travel', 'message_length': 35}
2025-09-18 10:17:56 | INFO | {'message': 'I just tried JavaScript! It was funny.', 'author': 'Bob', 'timestamp': '2025-09-18 10:17:56', 'category': 'tech', 'sentiment': 0.02, 'keyword_mentioned': 'JavaScript', 'message_length': 38}
2025-09-18 10:18:01 | INFO | {'message': 'I just found game! It was exciting.', 'author': 'Eve', 'timestamp': '2025-09-18 10:18:01', 'category': 'gaming', 'sentiment': 0.78, 'keyword_mentioned': 'game', 'message_length': 35}
2025-09-18 10:18:06 | INFO | {'message': 'I just tried game! It was boring.', 'author': 'Charlie', 'timestamp': '2025-09-18 10:18:06', 'category': 'gaming', 'sentiment': 0.83, 'keyword_mentioned': 'game', 'message_length': 33}
2025-09-18 10:18:11 | INFO | {'message': 'I just tried Python! It was exciting.', 'author': 'Charlie', 'timestamp': '2025-09-18 10:18:11', 'category': 'tech', 'sentiment': 0.34, 'keyword_mentioned': 'Python', 'message_length': 37}
2025-09-18 10:18:16 | INFO | {'message': 'I just loved a movie! It was weird.', 'author': 'Alice', 'timestamp': '2025-09-18 10:18:16', 'category': 'entertainment', 'sentiment': 0.62, 'keyword_mentioned': 'movie', 'message_length': 35}
2025-09-18 10:18:21 | INFO | {'message': 'I just loved an app! It was boring.', 'author': 'Eve', 'timestamp': '2025-09-18 10:18:21', 'category': 'other', 'sentiment': 0.43, 'keyword_mentioned': 'other', 'message_length': 35}
2025-09-18 10:18:29 | INFO | {'message': 'I just tried recipe! It was weird.', 'author': 'Alice', 'timestamp': '2025-09-18 10:18:29', 'category': 'food', 'sentiment': 0.02, 'keyword_mentioned': 'recipe', 'message_length': 34}
2025-09-18 10:18:34 | INFO | {'message': 'I just found recipe! It was boring.', 'author': 'Bob', 'timestamp': '2025-09-18 10:18:34', 'category': 'food', 'sentiment': 0.43, 'keyword_mentioned': 'recipe', 'message_length': 35}
2025-09-18 10:18:39 | INFO | {'message': 'I just found travel! It was amazing.', 'author': 'Charlie', 'timestamp': '2025-09-18 10:18:39', 'category': 'travel', 'sentiment': 0.67, 'keyword_mentioned': 'travel', 'message_length': 36}
2025-09-18 10:18:44 | INFO | {'message': 'I just tried a trick! It was exciting.', 'author': 'Bob', 'timestamp': '2025-09-18 10:18:44', 'category': 'other', 'sentiment': 0.92, 'keyword_mentioned': 'other', 'message_length': 38}
2025-09-18 10:18:49 | INFO | {'message': 'I just loved a meme! It was boring.', 'author': 'Eve', 'timestamp': '2025-09-18 10:18:49', 'category': 'humor', 'sentiment': 0.56, 'keyword_mentioned': 'meme', 'message_length': 35}
2025-09-18 10:18:54 | INFO | {'message': 'I just saw recipe! It was boring.', 'author': 'Bob', 'timestamp': '2025-09-18 10:18:54', 'category': 'food', 'sentiment': 0.85, 'keyword_mentioned': 'recipe', 'message_length': 33}
2025-09-18 10:18:59 | INFO | {'message': 'I just tried a meme! It was amazing.', 'author': 'Charlie', 'timestamp': '2025-09-18 10:18:59', 'category': 'humor', 'sentiment': 0.21, 'keyword_mentioned': 'meme', 'message_length': 36}
2025-09-18 10:19:07 | INFO | {'message': 'I just found recipe! It was amazing.', 'author': 'Charlie', 'timestamp': '2025-09-18 10:19:07', 'category': 'food', 'sentiment': 0.46, 'keyword_mentioned': 'recipe', 'message_length': 36}
2025-09-18 10:19:12 | INFO | {'message': 'I just tried a movie! It was boring.', 'author': 'Bob', 'timestamp': '2025-09-18 10:19:12', 'category': 'entertainment', 'sentiment': 0.21, 'keyword_mentioned': 'movie', 'message_length': 36}
2025-09-18 10:19:17 | INFO | {'message': 'I just saw Python! It was boring.', 'author': 'Bob', 'timestamp': '2025-09-18 10:19:17', 'category': 'tech', 'sentiment': 0.75, 'keyword_mentioned': 'Python', 'message_length': 33}
2025-09-18 10:19:22 | INFO | {'message': 'I just shared a trick! It was funny.', 'author': 'Bob', 'timestamp': '2025-09-18 10:19:22', 'category': 'other', 'sentiment': 1.0, 'keyword_mentioned': 'other', 'message_length': 36}
2025-09-18 10:19:27 | INFO | {'message': 'I just saw game! It was amazing.', 'author': 'Eve', 'timestamp': '2025-09-18 10:19:27', 'category': 'gaming', 'sentiment': 0.42, 'keyword_mentioned': 'game', 'message_length': 32}
2025-09-18 10:19:32 | INFO | {'message': 'I just found game! It was boring.', 'author': 'Eve', 'timestamp': '2025-09-18 10:19:32', 'category': 'gaming', 'sentiment': 0.91, 'keyword_mentioned': 'game', 'message_length': 33}
2025-09-18 10:19:40 | INFO | {'message': 'I just saw JavaScript! It was funny.', 'author': 'Eve', 'timestamp': '2025-09-18 10:19:40', 'category': 'tech', 'sentiment': 0.73, 'keyword_mentioned': 'JavaScript', 'message_length': 36}
2025-09-18 10:19:45 | INFO | {'message': 'I just shared an app! It was exciting.', 'author': 'Bob', 'timestamp': '2025-09-18 10:19:45', 'category': 'other', 'sentiment': 0.44, 'keyword_mentioned': 'other', 'message_length': 38}
2025-09-18 10:19:50 | INFO | {'message': 'I just found a movie! It was boring.', 'author': 'Charlie', 'timestamp': '2025-09-18 10:19:50', 'category': 'entertainment', 'sentiment': 0.41, 'keyword_mentioned': 'movie', 'message_length': 36}
2025-09-18 10:19:55 | INFO | {'message': 'I just shared travel! It was boring.', 'author': 'Bob', 'timestamp': '2025-09-18 10:19:55', 'category': 'travel', 'sentiment': 0.96, 'keyword_mentioned': 'travel', 'message_length': 36}
2025-09-18 10:20:00 | INFO | {'message': 'I just found Python! It was weird.', 'author': 'Alice', 'timestamp': '2025-09-18 10:20:00', 'category': 'tech', 'sentiment': 0.82, 'keyword_mentioned': 'Python', 'message_length': 34}
2025-09-18 10:20:05 | INFO | {'message': 'I just shared a movie! It was boring.', 'author': 'Bob', 'timestamp': '2025-09-18 10:20:05', 'category': 'entertainment', 'sentiment': 0.74, 'keyword_mentioned': 'movie', 'message_length': 37}
2025-09-18 10:20:13 | INFO | {'message': 'I just tried a movie! It was amazing.', 'author': 'Alice', 'timestamp': '2025-09-18 10:20:13', 'category': 'entertainment', 'sentiment': 0.18, 'keyword_mentioned': 'movie', 'message_length': 37}
2025-09-18 10:20:18 | INFO | {'message': 'I just shared an app! It was boring.', 'author': 'Alice', 'timestamp': '2025-09-18 10:20:18', 'category': 'other', 'sentiment': 0.13, 'keyword_mentioned': 'other', 'message_length': 36}
2025-09-18 10:20:23 | INFO | {'message': 'I just saw travel! It was weird.', 'author': 'Charlie', 'timestamp': '2025-09-18 10:20:23', 'category': 'travel', 'sentiment': 0.68, 'keyword_mentioned': 'travel', 'message_length': 32}
2025-09-18 10:20:28 | INFO | {'message': 'I just tried a story! It was weird.', 'author': 'Bob', 'timestamp': '2025-09-18 10:20:28', 'category': 'other', 'sentiment': 0.63, 'keyword_mentioned': 'other', 'message_length': 35}
2025-09-18 10:20:33 | INFO | {'message': 'I just loved a trick! It was exciting.', 'author': 'Alice', 'timestamp': '2025-09-18 10:20:33', 'category': 'other', 'sentiment': 0.95, 'keyword_mentioned': 'other', 'message_length': 38}
2025-09-18 10:20:38 | INFO | {'message': 'I just tried Python! It was boring.', 'author': 'Eve', 'timestamp': '2025-09-18 10:20:38', 'category': 'tech', 'sentiment': 0.11, 'keyword_mentioned': 'Python', 'message_length': 35}
2025-09-18 10:20:43 | INFO | {'message': 'I just shared game! It was amazing.', 'author': 'Bob', 'timestamp': '2025-09-18 10:20:43', 'category': 'gaming', 'sentiment': 0.63, 'keyword_mentioned': 'game', 'message_length': 35}
2025-09-18 10:20:51 | INFO | {'message': 'I just loved a story! It was amazing.', 'author': 'Bob', 'timestamp': '2025-09-18 10:20:51', 'category': 'other', 'sentiment': 0.4, 'keyword_mentioned': 'other', 'message_length': 37}
2025-09-18 10:20:56 | INFO | {'message': 'I just loved JavaScript! It was amazing.', 'author': 'Eve', 'timestamp': '2025-09-18 10:20:56', 'category': 'tech', 'sentiment': 0.73, 'keyword_mentioned': 'JavaScript', 'message_length': 40}
2025-09-18 10:21:01 | INFO | {'message': 'I just loved recipe! It was funny.', 'author': 'Bob', 'timestamp': '2025-09-18 10:21:01', 'category': 'food', 'sentiment': 0.01, 'keyword_mentioned': 'recipe', 'message_length': 34}
2025-09-18 10:21:06 | INFO | {'message': 'I just saw a trick! It was boring.', 'author': 'Alice', 'timestamp': '2025-09-18 10:21:06', 'category': 'other', 'sentiment': 0.53, 'keyword_mentioned': 'other', 'message_length': 34}
2025-09-18 10:21:11 | INFO | {'message': 'I just saw an app! It was amazing.', 'author': 'Charlie', 'timestamp': '2025-09-18 10:21:11', 'category': 'other', 'sentiment': 0.15, 'keyword_mentioned': 'other', 'message_length': 34}
2025-09-18 10:21:16 | INFO | {'message': 'I just tried a movie! It was weird.', 'author': 'Bob', 'timestamp': '2025-09-18 10:21:16', 'category': 'entertainment', 'sentiment': 0.69, 'keyword_mentioned': 'movie', 'message_length': 35}
2025-09-18 10:21:24 | INFO | {'message': 'I just saw Python! It was exciting.', 'author': 'Charlie', 'timestamp': '2025-09-18 10:21:24', 'category': 'tech', 'sentiment': 0.26, 'keyword_mentioned': 'Python', 'message_length': 35}
2025-09-18 10:21:29 | INFO | {'message': 'I just tried an app! It was weird.', 'author': 'Alice', 'timestamp': '2025-09-18 10:21:29', 'category': 'other', 'sentiment': 0.41, 'keyword_mentioned': 'other', 'message_length': 34}
2025-09-18 10:21:34 | INFO | {'message': 'I just loved a trick! It was funny.', 'author': 'Bob', 'timestamp': '2025-09-18 10:21:34', 'category': 'other', 'sentiment': 0.39, 'keyword_mentioned': 'other', 'message_length': 35}
2025-09-18 10:21:39 | INFO | {'message': 'I just found a meme! It was weird.', 'author': 'Charlie', 'timestamp': '2025-09-18 10:21:39', 'category': 'humor', 'sentiment': 0.59, 'keyword_mentioned': 'meme', 'message_length': 34}
2025-09-18 10:21:44 | INFO | {'message': 'I just loved Python! It was funny.', 'author': 'Bob', 'timestamp': '2025-09-18 10:21:44', 'category': 'tech', 'sentiment': 0.23, 'keyword_mentioned': 'Python', 'message_length': 34}
2025-09-18 10:21:49 | INFO | {'message': 'I just shared a meme! It was funny.', 'author': 'Charlie', 'timestamp': '2025-09-18 10:21:49', 'category': 'humor', 'sentiment': 0.22, 'keyword_mentioned': 'meme', 'message_length': 35}
2025-09-18 10:21:54 | INFO | {'message': 'I just saw a movie! It was amazing.', 'author': 'Eve', 'timestamp': '2025-09-18 10:21:54', 'category': 'entertainment', 'sentiment': 0.34, 'keyword_mentioned': 'movie', 'message_length': 35}
2025-09-18 10:22:02 | INFO | {'message': 'I just loved recipe! It was weird.', 'author': 'Bob', 'timestamp': '2025-09-18 10:22:02', 'category': 'food', 'sentiment': 0.26, 'keyword_mentioned': 'recipe', 'message_length': 34}
2025-09-18 10:22:07 | INFO | {'message': 'I just shared an app! It was weird.', 'author': 'Bob', 'timestamp': '2025-09-18 10:22:07', 'category': 'other', 'sentiment': 0.5, 'keyword_mentioned': 'other', 'message_length': 35}
2025-09-18 10:22:12 | INFO | {'message': 'I just tried Python! It was boring.', 'author': 'Eve', 'timestamp': '2025-09-18 10:22:12', 'category': 'tech', 'sentiment': 0.88, 'keyword_mentioned': 'Python', 'message_length': 35}
2025-09-18 10:22:17 | INFO | {'message': 'I just loved an app! It was funny.', 'author': 'Eve', 'timestamp': '2025-09-18 10:22:17', 'category': 'other', 'sentiment': 0.89, 'keyword_mentioned': 'other', 'message_length': 34}
2025-09-18 10:22:22 | INFO | {'message': 'I just loved a meme! It was weird.', 'author': 'Bob', 'timestamp': '2025-09-18 10:22:22', 'category': 'humor', 'sentiment': 0.33, 'keyword_mentioned': 'meme', 'message_length': 34}
2025-09-18 10:22:27 | INFO | {'message': 'I just found Python! It was amazing.', 'author': 'Charlie', 'timestamp': '2025-09-18 10:22:27', 'category': 'tech', 'sentiment': 0.09, 'keyword_mentioned': 'Python', 'message_length': 36}
2025-09-18 10:22:35 | INFO | {'message': 'I just found Python! It was weird.', 'author': 'Bob', 'timestamp': '2025-09-18 10:22:35', 'category': 'tech', 'sentiment': 0.65, 'keyword_mentioned': 'Python', 'message_length': 34}
2025-09-18 10:22:40 | INFO | {'message': 'I just saw recipe! It was exciting.', 'author': 'Charlie', 'timestamp': '2025-09-18 10:22:40', 'category': 'food', 'sentiment': 0.38, 'keyword_mentioned': 'recipe', 'message_length': 35}
2025-09-18 10:22:45 | INFO | {'message': 'I just found a meme! It was exciting.', 'author': 'Bob', 'timestamp': '2025-09-18 10:22:45', 'category': 'humor', 'sentiment': 0.63, 'keyword_mentioned': 'meme', 'message_length': 37}
2025-09-18 10:22:50 | INFO | {'message': 'I just shared an app! It was funny.', 'author': 'Alice', 'timestamp': '2025-09-18 10:22:50', 'category': 'other', 'sentiment': 0.52, 'keyword_mentioned': 'other', 'message_length': 35}
2025-09-18 10:22:55 | INFO | {'message': 'I just shared a movie! It was weird.', 'author': 'Alice', 'timestamp': '2025-09-18 10:22:55', 'category': 'entertainment', 'sentiment': 0.13, 'keyword_mentioned': 'movie', 'message_length': 36}
2025-09-18 10:23:00 | INFO | {'message': 'I just saw Python! It was amazing.', 'author': 'Charlie', 'timestamp': '2025-09-18 10:23:00', 'category': 'tech', 'sentiment': 0.59, 'keyword_mentioned': 'Python', 'message_length': 34}
2025-09-18 10:23:05 | INFO | {'message': 'I just shared a trick! It was weird.', 'author': 'Charlie', 'timestamp': '2025-09-18 10:23:05', 'category': 'other', 'sentiment': 0.19, 'keyword_mentioned': 'other', 'message_length': 36}
2025-09-18 10:23:12 | INFO | {'message': 'I just saw travel! It was funny.', 'author': 'Charlie', 'timestamp': '2025-09-18 10:23:12', 'category': 'travel', 'sentiment': 0.55, 'keyword_mentioned': 'travel', 'message_length': 32}
2025-09-18 10:23:17 | INFO | {'message': 'I just shared Python! It was boring.', 'author': 'Alice', 'timestamp': '2025-09-18 10:23:17', 'category': 'tech', 'sentiment': 0.86, 'keyword_mentioned': 'Python', 'message_length': 36}
2025-09-18 10:23:22 | INFO | {'message': 'I just loved a trick! It was weird.', 'author': 'Eve', 'timestamp': '2025-09-18 10:23:22', 'category': 'other', 'sentiment': 0.89, 'keyword_mentioned': 'other', 'message_length': 35}
2025-09-18 10:23:27 | INFO | {'message': 'I just tried game! It was funny.', 'author': 'Eve', 'timestamp': '2025-09-18 10:23:27', 'category': 'gaming', 'sentiment': 0.4, 'keyword_mentioned': 'game', 'message_length': 32}
2025-09-18 10:23:32 | INFO | {'message': 'I just tried an app! It was funny.', 'author': 'Alice', 'timestamp': '2025-09-18 10:23:32', 'category': 'other', 'sentiment': 0.21, 'keyword_mentioned': 'other', 'message_length': 34}
2025-09-18 10:23:37 | INFO | {'message': 'I just saw game! It was funny.', 'author': 'Bob', 'timestamp': '2025-09-18 10:23:37', 'category': 'gaming', 'sentiment': 0.86, 'keyword_mentioned': 'game', 'message_length': 30}
2025-09-18 10:23:45 | INFO | {'message': 'I just found an app! It was weird.', 'author': 'Bob', 'timestamp': '2025-09-18 10:23:45', 'category': 'other', 'sentiment': 0.68, 'keyword_mentioned': 'other', 'message_length': 34}
2025-09-18 10:23:50 | INFO | {'message': 'I just tried an app! It was weird.', 'author': 'Alice', 'timestamp': '2025-09-18 10:23:50', 'category': 'other', 'sentiment': 0.68, 'keyword_mentioned': 'other', 'message_length': 34}
2025-09-18 10:23:55 | INFO | {'message': 'I just saw a movie! It was amazing.', 'author': 'Bob', 'timestamp': '2025-09-18 10:23:55', 'category': 'entertainment', 'sentiment': 0.71, 'keyword_mentioned': 'movie', 'message_length': 35}
2025-09-18 10:24:00 | INFO | {'message': 'I just tried an app! It was funny.', 'author': 'Bob', 'timestamp': '2025-09-18 10:24:00', 'category': 'other', 'sentiment': 0.87, 'keyword_mentioned': 'other', 'message_length': 34}
2025-09-18 10:24:05 | INFO | {'message': 'I just loved recipe! It was weird.', 'author': 'Eve', 'timestamp': '2025-09-18 10:24:05', 'category': 'food', 'sentiment': 0.92, 'keyword_mentioned': 'recipe', 'message_length': 34}
2025-09-18 10:24:10 | INFO | {'message': 'I just loved a meme! It was amazing.', 'author': 'Bob', 'timestamp': '2025-09-18 10:24:10', 'category': 'humor', 'sentiment': 0.19, 'keyword_mentioned': 'meme', 'message_length': 36}
2025-09-18 10:24:17 | INFO | {'message': 'I just tried Python! It was funny.', 'author': 'Bob', 'timestamp': '2025-09-18 10:24:17', 'category': 'tech', 'sentiment': 0.45, 'keyword_mentioned': 'Python', 'message_length': 34}
2025-09-18 10:24:22 | INFO | {'message': 'I just shared a trick! It was exciting.', 'author': 'Eve', 'timestamp': '2025-09-18 10:24:22', 'category': 'other', 'sentiment': 0.24, 'keyword_mentioned': 'other', 'message_length': 39}
2025-09-18 10:24:27 | INFO | {'message': 'I just saw travel! It was exciting.', 'author': 'Alice', 'timestamp': '2025-09-18 10:24:27', 'category': 'travel', 'sentiment': 0.14, 'keyword_mentioned': 'travel', 'message_length': 35}
2025-09-18 10:24:32 | INFO | {'message': 'I just found Python! It was weird.', 'author': 'Eve', 'timestamp': '2025-09-18 10:24:32', 'category': 'tech', 'sentiment': 0.58, 'keyword_mentioned': 'Python', 'message_length': 34}
2025-09-18 10:24:37 | INFO | {'message': 'I just tried travel! It was exciting.', 'author': 'Alice', 'timestamp': '2025-09-18 10:24:37', 'category': 'travel', 'sentiment': 0.46, 'keyword_mentioned': 'travel', 'message_length': 37}
2025-09-18 10:24:42 | INFO | {'message': 'I just loved a story! It was amazing.', 'author': 'Bob', 'timestamp': '2025-09-18 10:24:42', 'category': 'other', 'sentiment': 0.06, 'keyword_mentioned': 'other', 'message_length': 37}
2025-09-18 10:24:47 | INFO | {'message': 'I just found a meme! It was weird.', 'author': 'Eve', 'timestamp': '2025-09-18 10:24:47', 'category': 'humor', 'sentiment': 0.36, 'keyword_mentioned': 'meme', 'message_length': 34}
2025-09-18 10:24:55 | INFO | {'message': 'I just saw a meme! It was amazing.', 'author': 'Alice', 'timestamp': '2025-09-18 10:24:55', 'category': 'humor', 'sentiment': 0.89, 'keyword_mentioned': 'meme', 'message_length': 34}
2025-09-18 10:25:00 | INFO | {'message': 'I just saw Python! It was exciting.', 'author': 'Charlie', 'timestamp': '2025-09-18 10:25:00', 'category': 'tech', 'sentiment': 0.37, 'keyword_mentioned': 'Python', 'message_length': 35}
2025-09-18 10:25:05 | INFO | {'message': 'I just tried Python! It was boring.', 'author': 'Bob', 'timestamp': '2025-09-18 10:25:05', 'category': 'tech', 'sentiment': 0.48, 'keyword_mentioned': 'Python', 'message_length': 35}
