2025-09-18 11:44:58 | INFO | {'message': 'I just shared a story! It was boring.', 'author': 'Eve', 'timestamp': '2025-09-18 11:44:58', 'category': 'other', 'sentiment': 0.81, 'keyword_mentioned': 'other', 'message_length': 37}
2025-09-18 11:45:03 | INFO | {'message': 'I just shared travel! It was exciting.', 'author': 'Bob', 'timestamp': '2025-09-18 11:45:03', 'category': 'travel', 'sentiment': 0.78, 'keyword_mentioned': 'travel', 'message_length': 38}
2025-09-18 11:45:08 | INFO | {'message': 'I just loved an app! It was boring.', 'author': 'Charlie', 'timestamp': '2025-09-18 11:45:08', 'category': 'other', 'sentiment': 0.48, 'keyword_mentioned': 'other', 'message_length': 35}
2025-09-18 11:45:13 | INFO | {'message': 'I just saw a movie! It was weird.', 'author': 'Charlie', 'timestamp': '2025-09-18 11:45:13', 'category': 'entertainment', 'sentiment': 0.56, 'keyword_mentioned': 'movie', 'message_length': 33}
2025-09-18 11:45:20 | INFO | {'message': 'I just saw a meme! It was boring.', 'author': 'Bob', 'timestamp': '2025-09-18 11:45:20', 'category': 'humor', 'sentiment': 0.22, 'keyword_mentioned': 'meme', 'message_length': 33}
2025-09-18 11:45:25 | INFO | {'message': 'I just loved a trick! It was amazing.', 'author': 'Eve', 'timestamp': '2025-09-18 11:45:25', 'category': 'other', 'sentiment': 0.5, 'keyword_mentioned': 'other', 'message_length': 37}
2025-09-18 11:45:30 | INFO | {'message': 'I just shared Python! It was boring.', 'author': 'Eve', 'timestamp': '2025-09-18 11:45:30', 'category': 'tech', 'sentiment': 0.73, 'keyword_mentioned': 'Python', 'message_length': 36}
2025-09-18 11:45:35 | INFO | {'message': 'I just tried game! It was amazing.', 'author': 'Bob', 'timestamp': '2025-09-18 11:45:35', 'category': 'gaming', 'sentiment': 0.79, 'keyword_mentioned': 'game', 'message_length': 34}
2025-09-18 11:45:40 | INFO | {'message': 'I just found game! It was exciting.', 'author': 'Charlie', 'timestamp': '2025-09-18 11:45:40', 'category': 'gaming', 'sentiment': 0.67, 'keyword_mentioned': 'game', 'message_length': 35}
2025-09-18 11:45:45 | INFO | {'message': 'I just tried a trick! It was weird.', 'author': 'Eve', 'timestamp': '2025-09-18 11:45:45', 'category': 'other', 'sentiment': 0.92, 'keyword_mentioned': 'other', 'message_length': 35}
2025-09-18 11:45:53 | INFO | {'message': 'I just tried a trick! It was weird.', 'author': 'Alice', 'timestamp': '2025-09-18 11:45:53', 'category': 'other', 'sentiment': 0.99, 'keyword_mentioned': 'other', 'message_length': 35}
2025-09-18 11:45:58 | INFO | {'message': 'I just found a meme! It was boring.', 'author': 'Alice', 'timestamp': '2025-09-18 11:45:58', 'category': 'humor', 'sentiment': 0.4, 'keyword_mentioned': 'meme', 'message_length': 35}
2025-09-18 11:46:03 | INFO | {'message': 'I just found travel! It was funny.', 'author': 'Charlie', 'timestamp': '2025-09-18 11:46:03', 'category': 'travel', 'sentiment': 0.25, 'keyword_mentioned': 'travel', 'message_length': 34}
2025-09-18 11:46:08 | INFO | {'message': 'I just loved a story! It was funny.', 'author': 'Charlie', 'timestamp': '2025-09-18 11:46:08', 'category': 'other', 'sentiment': 0.23, 'keyword_mentioned': 'other', 'message_length': 35}
2025-09-18 11:46:13 | INFO | {'message': 'I just saw travel! It was weird.', 'author': 'Eve', 'timestamp': '2025-09-18 11:46:13', 'category': 'travel', 'sentiment': 0.6, 'keyword_mentioned': 'travel', 'message_length': 32}
2025-09-18 11:46:18 | INFO | {'message': 'I just found travel! It was exciting.', 'author': 'Bob', 'timestamp': '2025-09-18 11:46:18', 'category': 'travel', 'sentiment': 0.4, 'keyword_mentioned': 'travel', 'message_length': 37}
2025-09-18 11:46:23 | INFO | {'message': 'I just loved a trick! It was weird.', 'author': 'Eve', 'timestamp': '2025-09-18 11:46:23', 'category': 'other', 'sentiment': 0.14, 'keyword_mentioned': 'other', 'message_length': 35}
2025-09-18 11:46:30 | INFO | {'message': 'I just tried a movie! It was exciting.', 'author': 'Charlie', 'timestamp': '2025-09-18 11:46:30', 'category': 'entertainment', 'sentiment': 0.89, 'keyword_mentioned': 'movie', 'message_length': 38}
2025-09-18 11:46:35 | INFO | {'message': 'I just loved game! It was funny.', 'author': 'Charlie', 'timestamp': '2025-09-18 11:46:35', 'category': 'gaming', 'sentiment': 0.68, 'keyword_mentioned': 'game', 'message_length': 32}
2025-09-18 11:46:40 | INFO | {'message': 'I just found a trick! It was weird.', 'author': 'Charlie', 'timestamp': '2025-09-18 11:46:40', 'category': 'other', 'sentiment': 0.38, 'keyword_mentioned': 'other', 'message_length': 35}
2025-09-18 11:46:45 | INFO | {'message': 'I just tried recipe! It was funny.', 'author': 'Charlie', 'timestamp': '2025-09-18 11:46:45', 'category': 'food', 'sentiment': 0.63, 'keyword_mentioned': 'recipe', 'message_length': 34}
2025-09-18 11:46:50 | INFO | {'message': 'I just shared a trick! It was funny.', 'author': 'Alice', 'timestamp': '2025-09-18 11:46:50', 'category': 'other', 'sentiment': 0.9, 'keyword_mentioned': 'other', 'message_length': 36}
2025-09-18 11:46:55 | INFO | {'message': 'I just found a movie! It was weird.', 'author': 'Bob', 'timestamp': '2025-09-18 11:46:55', 'category': 'entertainment', 'sentiment': 0.77, 'keyword_mentioned': 'movie', 'message_length': 35}
2025-09-18 11:47:03 | INFO | {'message': 'I just tried a movie! It was exciting.', 'author': 'Charlie', 'timestamp': '2025-09-18 11:47:03', 'category': 'entertainment', 'sentiment': 0.29, 'keyword_mentioned': 'movie', 'message_length': 38}
2025-09-18 11:47:08 | INFO | {'message': 'I just saw JavaScript! It was exciting.', 'author': 'Eve', 'timestamp': '2025-09-18 11:47:08', 'category': 'tech', 'sentiment': 0.57, 'keyword_mentioned': 'JavaScript', 'message_length': 39}
2025-09-18 11:47:13 | INFO | {'message': 'I just tried an app! It was amazing.', 'author': 'Eve', 'timestamp': '2025-09-18 11:47:13', 'category': 'other', 'sentiment': 0.52, 'keyword_mentioned': 'other', 'message_length': 36}
2025-09-18 11:47:18 | INFO | {'message': 'I just shared Python! It was funny.', 'author': 'Bob', 'timestamp': '2025-09-18 11:47:18', 'category': 'tech', 'sentiment': 0.94, 'keyword_mentioned': 'Python', 'message_length': 35}
2025-09-18 11:47:23 | INFO | {'message': 'I just found travel! It was boring.', 'author': 'Alice', 'timestamp': '2025-09-18 11:47:23', 'category': 'travel', 'sentiment': 0.09, 'keyword_mentioned': 'travel', 'message_length': 35}
2025-09-18 11:47:28 | INFO | {'message': 'I just shared an app! It was exciting.', 'author': 'Eve', 'timestamp': '2025-09-18 11:47:28', 'category': 'other', 'sentiment': 0.51, 'keyword_mentioned': 'other', 'message_length': 38}
2025-09-18 11:47:33 | INFO | {'message': 'I just shared an app! It was boring.', 'author': 'Bob', 'timestamp': '2025-09-18 11:47:33', 'category': 'other', 'sentiment': 0.73, 'keyword_mentioned': 'other', 'message_length': 36}
2025-09-18 11:47:40 | INFO | {'message': 'I just found travel! It was exciting.', 'author': 'Alice', 'timestamp': '2025-09-18 11:47:40', 'category': 'travel', 'sentiment': 0.93, 'keyword_mentioned': 'travel', 'message_length': 37}
2025-09-18 11:47:45 | INFO | {'message': 'I just found travel! It was funny.', 'author': 'Alice', 'timestamp': '2025-09-18 11:47:45', 'category': 'travel', 'sentiment': 0.84, 'keyword_mentioned': 'travel', 'message_length': 34}
2025-09-18 11:47:50 | INFO | {'message': 'I just saw JavaScript! It was amazing.', 'author': 'Alice', 'timestamp': '2025-09-18 11:47:50', 'category': 'tech', 'sentiment': 0.54, 'keyword_mentioned': 'JavaScript', 'message_length': 38}
2025-09-18 11:47:55 | INFO | {'message': 'I just tried a meme! It was amazing.', 'author': 'Bob', 'timestamp': '2025-09-18 11:47:55', 'category': 'humor', 'sentiment': 0.69, 'keyword_mentioned': 'meme', 'message_length': 36}
2025-09-18 11:48:00 | INFO | {'message': 'I just tried recipe! It was boring.', 'author': 'Alice', 'timestamp': '2025-09-18 11:48:00', 'category': 'food', 'sentiment': 0.41, 'keyword_mentioned': 'recipe', 'message_length': 35}
2025-09-18 11:48:05 | INFO | {'message': 'I just loved Python! It was funny.', 'author': 'Alice', 'timestamp': '2025-09-18 11:48:05', 'category': 'tech', 'sentiment': 0.6, 'keyword_mentioned': 'Python', 'message_length': 34}
2025-09-18 11:48:12 | INFO | {'message': 'I just loved a movie! It was funny.', 'author': 'Bob', 'timestamp': '2025-09-18 11:48:12', 'category': 'entertainment', 'sentiment': 0.38, 'keyword_mentioned': 'movie', 'message_length': 35}
2025-09-18 11:48:17 | INFO | {'message': 'I just saw a story! It was weird.', 'author': 'Bob', 'timestamp': '2025-09-18 11:48:17', 'category': 'other', 'sentiment': 0.65, 'keyword_mentioned': 'other', 'message_length': 33}
2025-09-18 11:48:22 | INFO | {'message': 'I just shared Python! It was weird.', 'author': 'Alice', 'timestamp': '2025-09-18 11:48:22', 'category': 'tech', 'sentiment': 0.05, 'keyword_mentioned': 'Python', 'message_length': 35}
2025-09-18 11:48:27 | INFO | {'message': 'I just found a meme! It was funny.', 'author': 'Eve', 'timestamp': '2025-09-18 11:48:27', 'category': 'humor', 'sentiment': 0.53, 'keyword_mentioned': 'meme', 'message_length': 34}
2025-09-18 11:48:32 | INFO | {'message': 'I just found a story! It was funny.', 'author': 'Alice', 'timestamp': '2025-09-18 11:48:32', 'category': 'other', 'sentiment': 0.02, 'keyword_mentioned': 'other', 'message_length': 35}
2025-09-18 11:48:37 | INFO | {'message': 'I just found a trick! It was funny.', 'author': 'Eve', 'timestamp': '2025-09-18 11:48:37', 'category': 'other', 'sentiment': 0.47, 'keyword_mentioned': 'other', 'message_length': 35}
2025-09-18 11:48:45 | INFO | {'message': 'I just shared a movie! It was boring.', 'author': 'Bob', 'timestamp': '2025-09-18 11:48:45', 'category': 'entertainment', 'sentiment': 0.35, 'keyword_mentioned': 'movie', 'message_length': 37}
2025-09-18 11:48:50 | INFO | {'message': 'I just found Python! It was boring.', 'author': 'Bob', 'timestamp': '2025-09-18 11:48:50', 'category': 'tech', 'sentiment': 0.74, 'keyword_mentioned': 'Python', 'message_length': 35}
2025-09-18 11:48:55 | INFO | {'message': 'I just saw a movie! It was funny.', 'author': 'Charlie', 'timestamp': '2025-09-18 11:48:55', 'category': 'entertainment', 'sentiment': 0.98, 'keyword_mentioned': 'movie', 'message_length': 33}
2025-09-18 11:49:00 | INFO | {'message': 'I just loved JavaScript! It was exciting.', 'author': 'Bob', 'timestamp': '2025-09-18 11:49:00', 'category': 'tech', 'sentiment': 0.65, 'keyword_mentioned': 'JavaScript', 'message_length': 41}
2025-09-18 11:49:05 | INFO | {'message': 'I just shared game! It was amazing.', 'author': 'Charlie', 'timestamp': '2025-09-18 11:49:05', 'category': 'gaming', 'sentiment': 0.47, 'keyword_mentioned': 'game', 'message_length': 35}
2025-09-18 11:49:10 | INFO | {'message': 'I just found JavaScript! It was funny.', 'author': 'Eve', 'timestamp': '2025-09-18 11:49:10', 'category': 'tech', 'sentiment': 0.99, 'keyword_mentioned': 'JavaScript', 'message_length': 38}
2025-09-18 11:49:15 | INFO | {'message': 'I just found JavaScript! It was weird.', 'author': 'Alice', 'timestamp': '2025-09-18 11:49:15', 'category': 'tech', 'sentiment': 0.87, 'keyword_mentioned': 'JavaScript', 'message_length': 38}
2025-09-18 11:49:22 | INFO | {'message': 'I just found Python! It was boring.', 'author': 'Bob', 'timestamp': '2025-09-18 11:49:22', 'category': 'tech', 'sentiment': 0.82, 'keyword_mentioned': 'Python', 'message_length': 35}
2025-09-18 11:49:27 | INFO | {'message': 'I just found a meme! It was amazing.', 'author': 'Eve', 'timestamp': '2025-09-18 11:49:27', 'category': 'humor', 'sentiment': 0.34, 'keyword_mentioned': 'meme', 'message_length': 36}
2025-09-18 11:49:32 | INFO | {'message': 'I just found a meme! It was weird.', 'author': 'Charlie', 'timestamp': '2025-09-18 11:49:32', 'category': 'humor', 'sentiment': 0.5, 'keyword_mentioned': 'meme', 'message_length': 34}
2025-09-18 11:49:37 | INFO | {'message': 'I just tried JavaScript! It was funny.', 'author': 'Charlie', 'timestamp': '2025-09-18 11:49:37', 'category': 'tech', 'sentiment': 0.85, 'keyword_mentioned': 'JavaScript', 'message_length': 38}
2025-09-18 11:49:42 | INFO | {'message': 'I just shared a trick! It was exciting.', 'author': 'Bob', 'timestamp': '2025-09-18 11:49:42', 'category': 'other', 'sentiment': 0.81, 'keyword_mentioned': 'other', 'message_length': 39}
2025-09-18 11:49:47 | INFO | {'message': 'I just shared recipe! It was funny.', 'author': 'Charlie', 'timestamp': '2025-09-18 11:49:47', 'category': 'food', 'sentiment': 0.88, 'keyword_mentioned': 'recipe', 'message_length': 35}
2025-09-18 11:49:54 | INFO | {'message': 'I just tried recipe! It was weird.', 'author': 'Eve', 'timestamp': '2025-09-18 11:49:54', 'category': 'food', 'sentiment': 0.41, 'keyword_mentioned': 'recipe', 'message_length': 34}
2025-09-18 11:49:59 | INFO | {'message': 'I just found JavaScript! It was weird.', 'author': 'Eve', 'timestamp': '2025-09-18 11:49:59', 'category': 'tech', 'sentiment': 0.88, 'keyword_mentioned': 'JavaScript', 'message_length': 38}
2025-09-18 11:50:04 | INFO | {'message': 'I just loved a trick! It was amazing.', 'author': 'Charlie', 'timestamp': '2025-09-18 11:50:04', 'category': 'other', 'sentiment': 0.18, 'keyword_mentioned': 'other', 'message_length': 37}
2025-09-18 11:50:09 | INFO | {'message': 'I just saw travel! It was weird.', 'author': 'Charlie', 'timestamp': '2025-09-18 11:50:09', 'category': 'travel', 'sentiment': 0.12, 'keyword_mentioned': 'travel', 'message_length': 32}
2025-09-18 11:50:15 | INFO | {'message': 'I just loved a movie! It was exciting.', 'author': 'Alice', 'timestamp': '2025-09-18 11:50:15', 'category': 'entertainment', 'sentiment': 0.18, 'keyword_mentioned': 'movie', 'message_length': 38}
2025-09-18 11:50:20 | INFO | {'message': 'I just saw a movie! It was weird.', 'author': 'Charlie', 'timestamp': '2025-09-18 11:50:20', 'category': 'entertainment', 'sentiment': 0.91, 'keyword_mentioned': 'movie', 'message_length': 33}
2025-09-18 11:50:25 | INFO | {'message': 'I just saw game! It was exciting.', 'author': 'Alice', 'timestamp': '2025-09-18 11:50:25', 'category': 'gaming', 'sentiment': 0.54, 'keyword_mentioned': 'game', 'message_length': 33}
2025-09-18 11:50:32 | INFO | {'message': 'I just tried an app! It was weird.', 'author': 'Eve', 'timestamp': '2025-09-18 11:50:32', 'category': 'other', 'sentiment': 0.58, 'keyword_mentioned': 'other', 'message_length': 34}
2025-09-18 11:50:37 | INFO | {'message': 'I just shared travel! It was funny.', 'author': 'Charlie', 'timestamp': '2025-09-18 11:50:37', 'category': 'travel', 'sentiment': 0.6, 'keyword_mentioned': 'travel', 'message_length': 35}
2025-09-18 11:50:42 | INFO | {'message': 'I just saw an app! It was funny.', 'author': 'Eve', 'timestamp': '2025-09-18 11:50:42', 'category': 'other', 'sentiment': 0.19, 'keyword_mentioned': 'other', 'message_length': 32}
2025-09-18 11:50:47 | INFO | {'message': 'I just shared a story! It was boring.', 'author': 'Bob', 'timestamp': '2025-09-18 11:50:47', 'category': 'other', 'sentiment': 0.3, 'keyword_mentioned': 'other', 'message_length': 37}
2025-09-18 11:50:52 | INFO | {'message': 'I just loved an app! It was exciting.', 'author': 'Alice', 'timestamp': '2025-09-18 11:50:52', 'category': 'other', 'sentiment': 0.52, 'keyword_mentioned': 'other', 'message_length': 37}
2025-09-18 11:50:57 | INFO | {'message': 'I just found an app! It was boring.', 'author': 'Bob', 'timestamp': '2025-09-18 11:50:57', 'category': 'other', 'sentiment': 0.17, 'keyword_mentioned': 'other', 'message_length': 35}
2025-09-18 11:51:04 | INFO | {'message': 'I just found Python! It was funny.', 'author': 'Charlie', 'timestamp': '2025-09-18 11:51:04', 'category': 'tech', 'sentiment': 0.92, 'keyword_mentioned': 'Python', 'message_length': 34}
2025-09-18 11:51:09 | INFO | {'message': 'I just tried an app! It was exciting.', 'author': 'Charlie', 'timestamp': '2025-09-18 11:51:09', 'category': 'other', 'sentiment': 0.69, 'keyword_mentioned': 'other', 'message_length': 37}
2025-09-18 11:51:14 | INFO | {'message': 'I just found travel! It was boring.', 'author': 'Bob', 'timestamp': '2025-09-18 11:51:14', 'category': 'travel', 'sentiment': 0.59, 'keyword_mentioned': 'travel', 'message_length': 35}
2025-09-18 11:51:19 | INFO | {'message': 'I just saw travel! It was amazing.', 'author': 'Bob', 'timestamp': '2025-09-18 11:51:19', 'category': 'travel', 'sentiment': 0.87, 'keyword_mentioned': 'travel', 'message_length': 34}
2025-09-18 11:51:24 | INFO | {'message': 'I just loved JavaScript! It was exciting.', 'author': 'Bob', 'timestamp': '2025-09-18 11:51:24', 'category': 'tech', 'sentiment': 0.6, 'keyword_mentioned': 'JavaScript', 'message_length': 41}
2025-09-18 11:51:29 | INFO | {'message': 'I just found a story! It was weird.', 'author': 'Bob', 'timestamp': '2025-09-18 11:51:29', 'category': 'other', 'sentiment': 0.63, 'keyword_mentioned': 'other', 'message_length': 35}
2025-09-18 11:51:34 | INFO | {'message': 'I just tried game! It was funny.', 'author': 'Charlie', 'timestamp': '2025-09-18 11:51:34', 'category': 'gaming', 'sentiment': 0.89, 'keyword_mentioned': 'game', 'message_length': 32}
2025-09-18 11:51:41 | INFO | {'message': 'I just saw an app! It was exciting.', 'author': 'Charlie', 'timestamp': '2025-09-18 11:51:41', 'category': 'other', 'sentiment': 0.3, 'keyword_mentioned': 'other', 'message_length': 35}
2025-09-18 11:51:46 | INFO | {'message': 'I just loved a story! It was amazing.', 'author': 'Bob', 'timestamp': '2025-09-18 11:51:46', 'category': 'other', 'sentiment': 0.08, 'keyword_mentioned': 'other', 'message_length': 37}
2025-09-18 11:51:51 | INFO | {'message': 'I just found a trick! It was exciting.', 'author': 'Charlie', 'timestamp': '2025-09-18 11:51:51', 'category': 'other', 'sentiment': 0.86, 'keyword_mentioned': 'other', 'message_length': 38}
2025-09-18 11:51:56 | INFO | {'message': 'I just found a meme! It was exciting.', 'author': 'Eve', 'timestamp': '2025-09-18 11:51:56', 'category': 'humor', 'sentiment': 0.56, 'keyword_mentioned': 'meme', 'message_length': 37}
2025-09-18 11:52:01 | INFO | {'message': 'I just loved JavaScript! It was amazing.', 'author': 'Charlie', 'timestamp': '2025-09-18 11:52:01', 'category': 'tech', 'sentiment': 0.38, 'keyword_mentioned': 'JavaScript', 'message_length': 40}
2025-09-18 11:52:06 | INFO | {'message': 'I just found recipe! It was amazing.', 'author': 'Charlie', 'timestamp': '2025-09-18 11:52:06', 'category': 'food', 'sentiment': 0.0, 'keyword_mentioned': 'recipe', 'message_length': 36}
2025-09-18 11:52:13 | INFO | {'message': 'I just saw Python! It was weird.', 'author': 'Bob', 'timestamp': '2025-09-18 11:52:13', 'category': 'tech', 'sentiment': 0.6, 'keyword_mentioned': 'Python', 'message_length': 32}
2025-09-18 11:52:18 | INFO | {'message': 'I just shared game! It was funny.', 'author': 'Bob', 'timestamp': '2025-09-18 11:52:18', 'category': 'gaming', 'sentiment': 0.19, 'keyword_mentioned': 'game', 'message_length': 33}
2025-09-18 11:52:23 | INFO | {'message': 'I just loved JavaScript! It was exciting.', 'author': 'Alice', 'timestamp': '2025-09-18 11:52:23', 'category': 'tech', 'sentiment': 0.46, 'keyword_mentioned': 'JavaScript', 'message_length': 41}
2025-09-18 11:52:28 | INFO | {'message': 'I just shared travel! It was funny.', 'author': 'Charlie', 'timestamp': '2025-09-18 11:52:28', 'category': 'travel', 'sentiment': 0.24, 'keyword_mentioned': 'travel', 'message_length': 35}
2025-09-18 11:52:33 | INFO | {'message': 'I just tried a movie! It was exciting.', 'author': 'Charlie', 'timestamp': '2025-09-18 11:52:33', 'category': 'entertainment', 'sentiment': 0.09, 'keyword_mentioned': 'movie', 'message_length': 38}
2025-09-18 11:52:38 | INFO | {'message': 'I just found JavaScript! It was amazing.', 'author': 'Charlie', 'timestamp': '2025-09-18 11:52:38', 'category': 'tech', 'sentiment': 0.07, 'keyword_mentioned': 'JavaScript', 'message_length': 40}
2025-09-18 11:52:46 | INFO | {'message': 'I just shared an app! It was boring.', 'author': 'Alice', 'timestamp': '2025-09-18 11:52:46', 'category': 'other', 'sentiment': 0.35, 'keyword_mentioned': 'other', 'message_length': 36}
2025-09-18 11:52:51 | INFO | {'message': 'I just saw Python! It was weird.', 'author': 'Bob', 'timestamp': '2025-09-18 11:52:51', 'category': 'tech', 'sentiment': 0.31, 'keyword_mentioned': 'Python', 'message_length': 32}
2025-09-18 11:52:56 | INFO | {'message': 'I just shared recipe! It was funny.', 'author': 'Bob', 'timestamp': '2025-09-18 11:52:56', 'category': 'food', 'sentiment': 0.65, 'keyword_mentioned': 'recipe', 'message_length': 35}
2025-09-18 11:53:01 | INFO | {'message': 'I just tried an app! It was weird.', 'author': 'Bob', 'timestamp': '2025-09-18 11:53:01', 'category': 'other', 'sentiment': 0.55, 'keyword_mentioned': 'other', 'message_length': 34}
2025-09-18 11:53:06 | INFO | {'message': 'I just loved an app! It was weird.', 'author': 'Eve', 'timestamp': '2025-09-18 11:53:06', 'category': 'other', 'sentiment': 0.47, 'keyword_mentioned': 'other', 'message_length': 34}
2025-09-18 11:53:11 | INFO | {'message': 'I just tried JavaScript! It was amazing.', 'author': 'Bob', 'timestamp': '2025-09-18 11:53:11', 'category': 'tech', 'sentiment': 0.59, 'keyword_mentioned': 'JavaScript', 'message_length': 40}
2025-09-18 11:53:16 | INFO | {'message': 'I just found travel! It was funny.', 'author': 'Alice', 'timestamp': '2025-09-18 11:53:16', 'category': 'travel', 'sentiment': 0.18, 'keyword_mentioned': 'travel', 'message_length': 34}
2025-09-18 11:53:23 | INFO | {'message': 'I just saw a meme! It was funny.', 'author': 'Eve', 'timestamp': '2025-09-18 11:53:23', 'category': 'humor', 'sentiment': 0.03, 'keyword_mentioned': 'meme', 'message_length': 32}
2025-09-18 11:53:28 | INFO | {'message': 'I just shared a story! It was boring.', 'author': 'Charlie', 'timestamp': '2025-09-18 11:53:28', 'category': 'other', 'sentiment': 0.28, 'keyword_mentioned': 'other', 'message_length': 37}
2025-09-18 11:53:33 | INFO | {'message': 'I just saw a meme! It was boring.', 'author': 'Charlie', 'timestamp': '2025-09-18 11:53:33', 'category': 'humor', 'sentiment': 0.3, 'keyword_mentioned': 'meme', 'message_length': 33}
2025-09-18 11:53:38 | INFO | {'message': 'I just saw a story! It was boring.', 'author': 'Alice', 'timestamp': '2025-09-18 11:53:38', 'category': 'other', 'sentiment': 0.13, 'keyword_mentioned': 'other', 'message_length': 34}
2025-09-18 11:53:43 | INFO | {'message': 'I just loved travel! It was amazing.', 'author': 'Charlie', 'timestamp': '2025-09-18 11:53:43', 'category': 'travel', 'sentiment': 0.76, 'keyword_mentioned': 'travel', 'message_length': 36}
2025-09-18 11:53:48 | INFO | {'message': 'I just found travel! It was funny.', 'author': 'Bob', 'timestamp': '2025-09-18 11:53:48', 'category': 'travel', 'sentiment': 0.39, 'keyword_mentioned': 'travel', 'message_length': 34}
2025-09-18 11:53:55 | INFO | {'message': 'I just tried a meme! It was funny.', 'author': 'Charlie', 'timestamp': '2025-09-18 11:53:55', 'category': 'humor', 'sentiment': 0.15, 'keyword_mentioned': 'meme', 'message_length': 34}
2025-09-18 11:54:00 | INFO | {'message': 'I just tried game! It was weird.', 'author': 'Bob', 'timestamp': '2025-09-18 11:54:00', 'category': 'gaming', 'sentiment': 0.43, 'keyword_mentioned': 'game', 'message_length': 32}
2025-09-18 11:54:05 | INFO | {'message': 'I just loved a meme! It was funny.', 'author': 'Charlie', 'timestamp': '2025-09-18 11:54:05', 'category': 'humor', 'sentiment': 0.2, 'keyword_mentioned': 'meme', 'message_length': 34}
2025-09-18 11:54:10 | INFO | {'message': 'I just shared JavaScript! It was funny.', 'author': 'Charlie', 'timestamp': '2025-09-18 11:54:10', 'category': 'tech', 'sentiment': 0.32, 'keyword_mentioned': 'JavaScript', 'message_length': 39}
2025-09-18 11:54:15 | INFO | {'message': 'I just shared a meme! It was exciting.', 'author': 'Charlie', 'timestamp': '2025-09-18 11:54:15', 'category': 'humor', 'sentiment': 0.44, 'keyword_mentioned': 'meme', 'message_length': 38}
2025-09-18 11:54:20 | INFO | {'message': 'I just tried Python! It was weird.', 'author': 'Charlie', 'timestamp': '2025-09-18 11:54:20', 'category': 'tech', 'sentiment': 0.93, 'keyword_mentioned': 'Python', 'message_length': 34}
2025-09-18 11:54:25 | INFO | {'message': 'I just found a movie! It was amazing.', 'author': 'Bob', 'timestamp': '2025-09-18 11:54:25', 'category': 'entertainment', 'sentiment': 0.82, 'keyword_mentioned': 'movie', 'message_length': 37}
2025-09-18 11:54:32 | INFO | {'message': 'I just shared Python! It was weird.', 'author': 'Eve', 'timestamp': '2025-09-18 11:54:32', 'category': 'tech', 'sentiment': 0.31, 'keyword_mentioned': 'Python', 'message_length': 35}
2025-09-18 11:54:37 | INFO | {'message': 'I just loved game! It was amazing.', 'author': 'Eve', 'timestamp': '2025-09-18 11:54:37', 'category': 'gaming', 'sentiment': 0.27, 'keyword_mentioned': 'game', 'message_length': 34}
2025-09-18 11:54:42 | INFO | {'message': 'I just tried a trick! It was boring.', 'author': 'Bob', 'timestamp': '2025-09-18 11:54:42', 'category': 'other', 'sentiment': 0.95, 'keyword_mentioned': 'other', 'message_length': 36}
2025-09-18 11:54:47 | INFO | {'message': 'I just loved an app! It was amazing.', 'author': 'Alice', 'timestamp': '2025-09-18 11:54:47', 'category': 'other', 'sentiment': 0.39, 'keyword_mentioned': 'other', 'message_length': 36}
2025-09-18 11:54:52 | INFO | {'message': 'I just saw game! It was amazing.', 'author': 'Bob', 'timestamp': '2025-09-18 11:54:52', 'category': 'gaming', 'sentiment': 0.69, 'keyword_mentioned': 'game', 'message_length': 32}
2025-09-18 11:54:57 | INFO | {'message': 'I just shared JavaScript! It was funny.', 'author': 'Bob', 'timestamp': '2025-09-18 11:54:57', 'category': 'tech', 'sentiment': 0.7, 'keyword_mentioned': 'JavaScript', 'message_length': 39}
2025-09-18 11:55:04 | INFO | {'message': 'I just loved a trick! It was exciting.', 'author': 'Bob', 'timestamp': '2025-09-18 11:55:04', 'category': 'other', 'sentiment': 0.65, 'keyword_mentioned': 'other', 'message_length': 38}
2025-09-18 11:55:10 | INFO | {'message': 'I just saw a movie! It was amazing.', 'author': 'Bob', 'timestamp': '2025-09-18 11:55:10', 'category': 'entertainment', 'sentiment': 0.6, 'keyword_mentioned': 'movie', 'message_length': 35}
2025-09-18 11:55:15 | INFO | {'message': 'I just found JavaScript! It was amazing.', 'author': 'Alice', 'timestamp': '2025-09-18 11:55:15', 'category': 'tech', 'sentiment': 0.6, 'keyword_mentioned': 'JavaScript', 'message_length': 40}
2025-09-18 11:55:20 | INFO | {'message': 'I just tried travel! It was amazing.', 'author': 'Alice', 'timestamp': '2025-09-18 11:55:20', 'category': 'travel', 'sentiment': 0.77, 'keyword_mentioned': 'travel', 'message_length': 36}
2025-09-18 11:55:25 | INFO | {'message': 'I just shared an app! It was boring.', 'author': 'Bob', 'timestamp': '2025-09-18 11:55:25', 'category': 'other', 'sentiment': 0.42, 'keyword_mentioned': 'other', 'message_length': 36}
2025-09-18 11:55:30 | INFO | {'message': 'I just tried travel! It was exciting.', 'author': 'Alice', 'timestamp': '2025-09-18 11:55:30', 'category': 'travel', 'sentiment': 0.85, 'keyword_mentioned': 'travel', 'message_length': 37}
2025-09-18 11:55:35 | INFO | {'message': 'I just shared game! It was weird.', 'author': 'Alice', 'timestamp': '2025-09-18 11:55:35', 'category': 'gaming', 'sentiment': 0.01, 'keyword_mentioned': 'game', 'message_length': 33}
2025-09-18 11:55:42 | INFO | {'message': 'I just shared recipe! It was boring.', 'author': 'Eve', 'timestamp': '2025-09-18 11:55:42', 'category': 'food', 'sentiment': 0.97, 'keyword_mentioned': 'recipe', 'message_length': 36}
2025-09-18 11:55:47 | INFO | {'message': 'I just shared JavaScript! It was boring.', 'author': 'Alice', 'timestamp': '2025-09-18 11:55:47', 'category': 'tech', 'sentiment': 0.71, 'keyword_mentioned': 'JavaScript', 'message_length': 40}
2025-09-18 11:55:52 | INFO | {'message': 'I just saw JavaScript! It was amazing.', 'author': 'Bob', 'timestamp': '2025-09-18 11:55:52', 'category': 'tech', 'sentiment': 0.17, 'keyword_mentioned': 'JavaScript', 'message_length': 38}
2025-09-18 11:55:57 | INFO | {'message': 'I just saw an app! It was weird.', 'author': 'Bob', 'timestamp': '2025-09-18 11:55:57', 'category': 'other', 'sentiment': 0.42, 'keyword_mentioned': 'other', 'message_length': 32}
2025-09-18 11:56:02 | INFO | {'message': 'I just found travel! It was funny.', 'author': 'Bob', 'timestamp': '2025-09-18 11:56:02', 'category': 'travel', 'sentiment': 0.89, 'keyword_mentioned': 'travel', 'message_length': 34}
2025-09-18 11:56:07 | INFO | {'message': 'I just loved travel! It was weird.', 'author': 'Alice', 'timestamp': '2025-09-18 11:56:07', 'category': 'travel', 'sentiment': 0.67, 'keyword_mentioned': 'travel', 'message_length': 34}
2025-09-18 11:56:14 | INFO | {'message': 'I just loved game! It was exciting.', 'author': 'Alice', 'timestamp': '2025-09-18 11:56:14', 'category': 'gaming', 'sentiment': 0.24, 'keyword_mentioned': 'game', 'message_length': 35}
2025-09-18 11:56:19 | INFO | {'message': 'I just tried game! It was funny.', 'author': 'Charlie', 'timestamp': '2025-09-18 11:56:19', 'category': 'gaming', 'sentiment': 0.91, 'keyword_mentioned': 'game', 'message_length': 32}
2025-09-18 11:56:24 | INFO | {'message': 'I just saw JavaScript! It was exciting.', 'author': 'Bob', 'timestamp': '2025-09-18 11:56:24', 'category': 'tech', 'sentiment': 0.0, 'keyword_mentioned': 'JavaScript', 'message_length': 39}
2025-09-18 11:56:29 | INFO | {'message': 'I just shared Python! It was funny.', 'author': 'Bob', 'timestamp': '2025-09-18 11:56:29', 'category': 'tech', 'sentiment': 0.34, 'keyword_mentioned': 'Python', 'message_length': 35}
2025-09-18 11:56:34 | INFO | {'message': 'I just loved recipe! It was boring.', 'author': 'Bob', 'timestamp': '2025-09-18 11:56:34', 'category': 'food', 'sentiment': 0.75, 'keyword_mentioned': 'recipe', 'message_length': 35}
2025-09-18 11:56:39 | INFO | {'message': 'I just saw JavaScript! It was weird.', 'author': 'Charlie', 'timestamp': '2025-09-18 11:56:39', 'category': 'tech', 'sentiment': 0.25, 'keyword_mentioned': 'JavaScript', 'message_length': 36}
2025-09-18 11:56:44 | INFO | {'message': 'I just found Python! It was exciting.', 'author': 'Alice', 'timestamp': '2025-09-18 11:56:44', 'category': 'tech', 'sentiment': 0.78, 'keyword_mentioned': 'Python', 'message_length': 37}
2025-09-18 11:56:51 | INFO | {'message': 'I just saw recipe! It was weird.', 'author': 'Charlie', 'timestamp': '2025-09-18 11:56:51', 'category': 'food', 'sentiment': 0.36, 'keyword_mentioned': 'recipe', 'message_length': 32}
2025-09-18 11:56:56 | INFO | {'message': 'I just loved travel! It was weird.', 'author': 'Charlie', 'timestamp': '2025-09-18 11:56:56', 'category': 'travel', 'sentiment': 0.88, 'keyword_mentioned': 'travel', 'message_length': 34}
2025-09-18 11:57:01 | INFO | {'message': 'I just shared Python! It was amazing.', 'author': 'Alice', 'timestamp': '2025-09-18 11:57:01', 'category': 'tech', 'sentiment': 0.93, 'keyword_mentioned': 'Python', 'message_length': 37}
2025-09-18 11:57:06 | INFO | {'message': 'I just found travel! It was amazing.', 'author': 'Alice', 'timestamp': '2025-09-18 11:57:06', 'category': 'travel', 'sentiment': 0.82, 'keyword_mentioned': 'travel', 'message_length': 36}
2025-09-18 11:57:11 | INFO | {'message': 'I just tried a trick! It was funny.', 'author': 'Charlie', 'timestamp': '2025-09-18 11:57:11', 'category': 'other', 'sentiment': 0.42, 'keyword_mentioned': 'other', 'message_length': 35}
2025-09-18 11:57:16 | INFO | {'message': 'I just shared a movie! It was boring.', 'author': 'Eve', 'timestamp': '2025-09-18 11:57:16', 'category': 'entertainment', 'sentiment': 0.37, 'keyword_mentioned': 'movie', 'message_length': 37}
2025-09-18 11:57:23 | INFO | {'message': 'I just shared game! It was exciting.', 'author': 'Bob', 'timestamp': '2025-09-18 11:57:23', 'category': 'gaming', 'sentiment': 0.95, 'keyword_mentioned': 'game', 'message_length': 36}
2025-09-18 11:57:28 | INFO | {'message': 'I just found recipe! It was funny.', 'author': 'Bob', 'timestamp': '2025-09-18 11:57:28', 'category': 'food', 'sentiment': 0.87, 'keyword_mentioned': 'recipe', 'message_length': 34}
2025-09-18 11:57:33 | INFO | {'message': 'I just saw JavaScript! It was amazing.', 'author': 'Eve', 'timestamp': '2025-09-18 11:57:33', 'category': 'tech', 'sentiment': 0.92, 'keyword_mentioned': 'JavaScript', 'message_length': 38}
2025-09-18 11:57:38 | INFO | {'message': 'I just shared an app! It was boring.', 'author': 'Alice', 'timestamp': '2025-09-18 11:57:38', 'category': 'other', 'sentiment': 0.76, 'keyword_mentioned': 'other', 'message_length': 36}
2025-09-18 11:57:43 | INFO | {'message': 'I just saw a meme! It was amazing.', 'author': 'Alice', 'timestamp': '2025-09-18 11:57:43', 'category': 'humor', 'sentiment': 0.59, 'keyword_mentioned': 'meme', 'message_length': 34}
2025-09-18 11:57:48 | INFO | {'message': 'I just tried a meme! It was funny.', 'author': 'Alice', 'timestamp': '2025-09-18 11:57:48', 'category': 'humor', 'sentiment': 0.92, 'keyword_mentioned': 'meme', 'message_length': 34}
2025-09-18 11:57:55 | INFO | {'message': 'I just shared a story! It was boring.', 'author': 'Bob', 'timestamp': '2025-09-18 11:57:55', 'category': 'other', 'sentiment': 0.43, 'keyword_mentioned': 'other', 'message_length': 37}
2025-09-18 11:58:00 | INFO | {'message': 'I just tried Python! It was funny.', 'author': 'Charlie', 'timestamp': '2025-09-18 11:58:00', 'category': 'tech', 'sentiment': 0.47, 'keyword_mentioned': 'Python', 'message_length': 34}
2025-09-18 11:58:05 | INFO | {'message': 'I just loved an app! It was weird.', 'author': 'Eve', 'timestamp': '2025-09-18 11:58:05', 'category': 'other', 'sentiment': 0.09, 'keyword_mentioned': 'other', 'message_length': 34}
2025-09-18 11:58:10 | INFO | {'message': 'I just loved a story! It was boring.', 'author': 'Alice', 'timestamp': '2025-09-18 11:58:10', 'category': 'other', 'sentiment': 0.28, 'keyword_mentioned': 'other', 'message_length': 36}
2025-09-18 11:58:15 | INFO | {'message': 'I just loved travel! It was funny.', 'author': 'Bob', 'timestamp': '2025-09-18 11:58:15', 'category': 'travel', 'sentiment': 0.74, 'keyword_mentioned': 'travel', 'message_length': 34}
2025-09-18 11:58:20 | INFO | {'message': 'I just saw JavaScript! It was boring.', 'author': 'Alice', 'timestamp': '2025-09-18 11:58:20', 'category': 'tech', 'sentiment': 0.15, 'keyword_mentioned': 'JavaScript', 'message_length': 37}
2025-09-18 11:58:25 | INFO | {'message': 'I just loved a story! It was boring.', 'author': 'Eve', 'timestamp': '2025-09-18 11:58:25', 'category': 'other', 'sentiment': 0.63, 'keyword_mentioned': 'other', 'message_length': 36}
2025-09-18 11:58:33 | INFO | {'message': 'I just found travel! It was exciting.', 'author': 'Alice', 'timestamp': '2025-09-18 11:58:33', 'category': 'travel', 'sentiment': 0.79, 'keyword_mentioned': 'travel', 'message_length': 37}
2025-09-18 11:58:38 | INFO | {'message': 'I just found travel! It was weird.', 'author': 'Bob', 'timestamp': '2025-09-18 11:58:38', 'category': 'travel', 'sentiment': 0.66, 'keyword_mentioned': 'travel', 'message_length': 34}
2025-09-18 11:58:43 | INFO | {'message': 'I just saw a trick! It was boring.', 'author': 'Bob', 'timestamp': '2025-09-18 11:58:43', 'category': 'other', 'sentiment': 0.08, 'keyword_mentioned': 'other', 'message_length': 34}
2025-09-18 11:58:48 | INFO | {'message': 'I just loved travel! It was funny.', 'author': 'Eve', 'timestamp': '2025-09-18 11:58:48', 'category': 'travel', 'sentiment': 0.8, 'keyword_mentioned': 'travel', 'message_length': 34}
2025-09-18 11:58:53 | INFO | {'message': 'I just tried an app! It was exciting.', 'author': 'Charlie', 'timestamp': '2025-09-18 11:58:53', 'category': 'other', 'sentiment': 0.13, 'keyword_mentioned': 'other', 'message_length': 37}
2025-09-18 11:58:58 | INFO | {'message': 'I just saw a trick! It was funny.', 'author': 'Charlie', 'timestamp': '2025-09-18 11:58:58', 'category': 'other', 'sentiment': 0.14, 'keyword_mentioned': 'other', 'message_length': 33}
2025-09-18 11:59:05 | INFO | {'message': 'I just saw travel! It was funny.', 'author': 'Eve', 'timestamp': '2025-09-18 11:59:05', 'category': 'travel', 'sentiment': 0.09, 'keyword_mentioned': 'travel', 'message_length': 32}
2025-09-18 11:59:10 | INFO | {'message': 'I just tried JavaScript! It was weird.', 'author': 'Alice', 'timestamp': '2025-09-18 11:59:10', 'category': 'tech', 'sentiment': 0.89, 'keyword_mentioned': 'JavaScript', 'message_length': 38}
2025-09-18 11:59:15 | INFO | {'message': 'I just saw game! It was amazing.', 'author': 'Bob', 'timestamp': '2025-09-18 11:59:15', 'category': 'gaming', 'sentiment': 0.57, 'keyword_mentioned': 'game', 'message_length': 32}
2025-09-18 11:59:20 | INFO | {'message': 'I just saw a movie! It was weird.', 'author': 'Charlie', 'timestamp': '2025-09-18 11:59:20', 'category': 'entertainment', 'sentiment': 0.71, 'keyword_mentioned': 'movie', 'message_length': 33}
2025-09-18 11:59:25 | INFO | {'message': 'I just loved an app! It was exciting.', 'author': 'Charlie', 'timestamp': '2025-09-18 11:59:25', 'category': 'other', 'sentiment': 0.64, 'keyword_mentioned': 'other', 'message_length': 37}
2025-09-18 11:59:30 | INFO | {'message': 'I just tried a story! It was exciting.', 'author': 'Eve', 'timestamp': '2025-09-18 11:59:30', 'category': 'other', 'sentiment': 0.81, 'keyword_mentioned': 'other', 'message_length': 38}
2025-09-18 11:59:35 | INFO | {'message': 'I just found JavaScript! It was exciting.', 'author': 'Bob', 'timestamp': '2025-09-18 11:59:35', 'category': 'tech', 'sentiment': 0.63, 'keyword_mentioned': 'JavaScript', 'message_length': 41}
2025-09-18 11:59:42 | INFO | {'message': 'I just shared an app! It was funny.', 'author': 'Bob', 'timestamp': '2025-09-18 11:59:42', 'category': 'other', 'sentiment': 0.25, 'keyword_mentioned': 'other', 'message_length': 35}
2025-09-18 11:59:47 | INFO | {'message': 'I just tried a meme! It was boring.', 'author': 'Eve', 'timestamp': '2025-09-18 11:59:47', 'category': 'humor', 'sentiment': 0.34, 'keyword_mentioned': 'meme', 'message_length': 35}
2025-09-18 11:59:52 | INFO | {'message': 'I just shared an app! It was boring.', 'author': 'Charlie', 'timestamp': '2025-09-18 11:59:52', 'category': 'other', 'sentiment': 0.41, 'keyword_mentioned': 'other', 'message_length': 36}
2025-09-18 11:59:57 | INFO | {'message': 'I just tried a meme! It was boring.', 'author': 'Eve', 'timestamp': '2025-09-18 11:59:57', 'category': 'humor', 'sentiment': 0.99, 'keyword_mentioned': 'meme', 'message_length': 35}
2025-09-18 12:00:02 | INFO | {'message': 'I just loved an app! It was amazing.', 'author': 'Eve', 'timestamp': '2025-09-18 12:00:02', 'category': 'other', 'sentiment': 1.0, 'keyword_mentioned': 'other', 'message_length': 36}
2025-09-18 12:00:07 | INFO | {'message': 'I just saw travel! It was exciting.', 'author': 'Charlie', 'timestamp': '2025-09-18 12:00:07', 'category': 'travel', 'sentiment': 0.96, 'keyword_mentioned': 'travel', 'message_length': 35}
2025-09-18 12:00:15 | INFO | {'message': 'I just tried travel! It was exciting.', 'author': 'Eve', 'timestamp': '2025-09-18 12:00:15', 'category': 'travel', 'sentiment': 0.17, 'keyword_mentioned': 'travel', 'message_length': 37}
2025-09-18 12:00:20 | INFO | {'message': 'I just found recipe! It was boring.', 'author': 'Charlie', 'timestamp': '2025-09-18 12:00:20', 'category': 'food', 'sentiment': 0.94, 'keyword_mentioned': 'recipe', 'message_length': 35}
2025-09-18 12:00:25 | INFO | {'message': 'I just shared a movie! It was amazing.', 'author': 'Bob', 'timestamp': '2025-09-18 12:00:25', 'category': 'entertainment', 'sentiment': 0.37, 'keyword_mentioned': 'movie', 'message_length': 38}
2025-09-18 12:00:30 | INFO | {'message': 'I just shared a movie! It was exciting.', 'author': 'Bob', 'timestamp': '2025-09-18 12:00:30', 'category': 'entertainment', 'sentiment': 0.29, 'keyword_mentioned': 'movie', 'message_length': 39}
2025-09-18 12:00:35 | INFO | {'message': 'I just shared travel! It was amazing.', 'author': 'Bob', 'timestamp': '2025-09-18 12:00:35', 'category': 'travel', 'sentiment': 0.23, 'keyword_mentioned': 'travel', 'message_length': 37}
2025-09-18 12:00:40 | INFO | {'message': 'I just shared JavaScript! It was boring.', 'author': 'Alice', 'timestamp': '2025-09-18 12:00:40', 'category': 'tech', 'sentiment': 0.43, 'keyword_mentioned': 'JavaScript', 'message_length': 40}
2025-09-18 12:00:45 | INFO | {'message': 'I just loved a trick! It was weird.', 'author': 'Eve', 'timestamp': '2025-09-18 12:00:45', 'category': 'other', 'sentiment': 0.46, 'keyword_mentioned': 'other', 'message_length': 35}
2025-09-18 12:00:53 | INFO | {'message': 'I just shared Python! It was weird.', 'author': 'Bob', 'timestamp': '2025-09-18 12:00:53', 'category': 'tech', 'sentiment': 0.01, 'keyword_mentioned': 'Python', 'message_length': 35}
2025-09-18 12:00:58 | INFO | {'message': 'I just found game! It was funny.', 'author': 'Alice', 'timestamp': '2025-09-18 12:00:58', 'category': 'gaming', 'sentiment': 0.49, 'keyword_mentioned': 'game', 'message_length': 32}
2025-09-18 12:01:03 | INFO | {'message': 'I just found an app! It was boring.', 'author': 'Alice', 'timestamp': '2025-09-18 12:01:03', 'category': 'other', 'sentiment': 0.07, 'keyword_mentioned': 'other', 'message_length': 35}
2025-09-18 12:01:08 | INFO | {'message': 'I just saw JavaScript! It was exciting.', 'author': 'Charlie', 'timestamp': '2025-09-18 12:01:08', 'category': 'tech', 'sentiment': 0.84, 'keyword_mentioned': 'JavaScript', 'message_length': 39}
2025-09-18 12:01:13 | INFO | {'message': 'I just tried a trick! It was funny.', 'author': 'Bob', 'timestamp': '2025-09-18 12:01:13', 'category': 'other', 'sentiment': 0.4, 'keyword_mentioned': 'other', 'message_length': 35}
2025-09-18 12:01:18 | INFO | {'message': 'I just shared a meme! It was funny.', 'author': 'Charlie', 'timestamp': '2025-09-18 12:01:18', 'category': 'humor', 'sentiment': 0.1, 'keyword_mentioned': 'meme', 'message_length': 35}
2025-09-18 12:01:25 | INFO | {'message': 'I just saw game! It was amazing.', 'author': 'Charlie', 'timestamp': '2025-09-18 12:01:25', 'category': 'gaming', 'sentiment': 0.62, 'keyword_mentioned': 'game', 'message_length': 32}
2025-09-18 12:01:30 | INFO | {'message': 'I just shared an app! It was funny.', 'author': 'Bob', 'timestamp': '2025-09-18 12:01:30', 'category': 'other', 'sentiment': 0.59, 'keyword_mentioned': 'other', 'message_length': 35}
2025-09-18 12:01:35 | INFO | {'message': 'I just loved an app! It was weird.', 'author': 'Eve', 'timestamp': '2025-09-18 12:01:35', 'category': 'other', 'sentiment': 0.6, 'keyword_mentioned': 'other', 'message_length': 34}
2025-09-18 12:01:40 | INFO | {'message': 'I just tried a movie! It was funny.', 'author': 'Bob', 'timestamp': '2025-09-18 12:01:40', 'category': 'entertainment', 'sentiment': 0.01, 'keyword_mentioned': 'movie', 'message_length': 35}
2025-09-18 12:01:45 | INFO | {'message': 'I just shared a movie! It was weird.', 'author': 'Eve', 'timestamp': '2025-09-18 12:01:45', 'category': 'entertainment', 'sentiment': 0.28, 'keyword_mentioned': 'movie', 'message_length': 36}
2025-09-18 12:01:50 | INFO | {'message': 'I just loved JavaScript! It was weird.', 'author': 'Charlie', 'timestamp': '2025-09-18 12:01:50', 'category': 'tech', 'sentiment': 0.88, 'keyword_mentioned': 'JavaScript', 'message_length': 38}
2025-09-18 12:01:58 | INFO | {'message': 'I just tried game! It was funny.', 'author': 'Bob', 'timestamp': '2025-09-18 12:01:58', 'category': 'gaming', 'sentiment': 0.7, 'keyword_mentioned': 'game', 'message_length': 32}
2025-09-18 12:02:03 | INFO | {'message': 'I just found a story! It was boring.', 'author': 'Bob', 'timestamp': '2025-09-18 12:02:03', 'category': 'other', 'sentiment': 0.51, 'keyword_mentioned': 'other', 'message_length': 36}
2025-09-18 12:02:08 | INFO | {'message': 'I just tried a trick! It was amazing.', 'author': 'Bob', 'timestamp': '2025-09-18 12:02:08', 'category': 'other', 'sentiment': 0.88, 'keyword_mentioned': 'other', 'message_length': 37}
2025-09-18 12:02:13 | INFO | {'message': 'I just saw travel! It was exciting.', 'author': 'Bob', 'timestamp': '2025-09-18 12:02:13', 'category': 'travel', 'sentiment': 0.94, 'keyword_mentioned': 'travel', 'message_length': 35}
2025-09-18 12:02:18 | INFO | {'message': 'I just saw a movie! It was amazing.', 'author': 'Charlie', 'timestamp': '2025-09-18 12:02:18', 'category': 'entertainment', 'sentiment': 0.78, 'keyword_mentioned': 'movie', 'message_length': 35}
2025-09-18 12:02:23 | INFO | {'message': 'I just saw an app! It was amazing.', 'author': 'Bob', 'timestamp': '2025-09-18 12:02:23', 'category': 'other', 'sentiment': 0.75, 'keyword_mentioned': 'other', 'message_length': 34}
2025-09-18 12:02:28 | INFO | {'message': 'I just shared JavaScript! It was exciting.', 'author': 'Eve', 'timestamp': '2025-09-18 12:02:28', 'category': 'tech', 'sentiment': 0.16, 'keyword_mentioned': 'JavaScript', 'message_length': 42}
2025-09-18 12:02:35 | INFO | {'message': 'I just found JavaScript! It was amazing.', 'author': 'Alice', 'timestamp': '2025-09-18 12:02:35', 'category': 'tech', 'sentiment': 0.7, 'keyword_mentioned': 'JavaScript', 'message_length': 40}
2025-09-18 12:02:40 | INFO | {'message': 'I just saw a meme! It was amazing.', 'author': 'Bob', 'timestamp': '2025-09-18 12:02:40', 'category': 'humor', 'sentiment': 0.22, 'keyword_mentioned': 'meme', 'message_length': 34}
2025-09-18 12:02:45 | INFO | {'message': 'I just shared a movie! It was boring.', 'author': 'Eve', 'timestamp': '2025-09-18 12:02:45', 'category': 'entertainment', 'sentiment': 0.97, 'keyword_mentioned': 'movie', 'message_length': 37}
2025-09-18 12:02:50 | INFO | {'message': 'I just saw a meme! It was weird.', 'author': 'Eve', 'timestamp': '2025-09-18 12:02:50', 'category': 'humor', 'sentiment': 0.9, 'keyword_mentioned': 'meme', 'message_length': 32}
2025-09-18 12:02:55 | INFO | {'message': 'I just saw game! It was funny.', 'author': 'Alice', 'timestamp': '2025-09-18 12:02:55', 'category': 'gaming', 'sentiment': 0.41, 'keyword_mentioned': 'game', 'message_length': 30}
2025-09-18 12:03:00 | INFO | {'message': 'I just tried an app! It was exciting.', 'author': 'Alice', 'timestamp': '2025-09-18 12:03:00', 'category': 'other', 'sentiment': 0.69, 'keyword_mentioned': 'other', 'message_length': 37}
2025-09-18 12:03:08 | INFO | {'message': 'I just found Python! It was amazing.', 'author': 'Eve', 'timestamp': '2025-09-18 12:03:08', 'category': 'tech', 'sentiment': 0.06, 'keyword_mentioned': 'Python', 'message_length': 36}
2025-09-18 12:03:13 | INFO | {'message': 'I just found a meme! It was amazing.', 'author': 'Alice', 'timestamp': '2025-09-18 12:03:13', 'category': 'humor', 'sentiment': 0.36, 'keyword_mentioned': 'meme', 'message_length': 36}
2025-09-18 12:03:18 | INFO | {'message': 'I just found a story! It was amazing.', 'author': 'Charlie', 'timestamp': '2025-09-18 12:03:18', 'category': 'other', 'sentiment': 0.29, 'keyword_mentioned': 'other', 'message_length': 37}
2025-09-18 12:03:23 | INFO | {'message': 'I just shared an app! It was amazing.', 'author': 'Charlie', 'timestamp': '2025-09-18 12:03:23', 'category': 'other', 'sentiment': 0.31, 'keyword_mentioned': 'other', 'message_length': 37}
2025-09-18 12:03:28 | INFO | {'message': 'I just saw JavaScript! It was amazing.', 'author': 'Charlie', 'timestamp': '2025-09-18 12:03:28', 'category': 'tech', 'sentiment': 0.04, 'keyword_mentioned': 'JavaScript', 'message_length': 38}
2025-09-18 12:03:33 | INFO | {'message': 'I just found Python! It was funny.', 'author': 'Eve', 'timestamp': '2025-09-18 12:03:33', 'category': 'tech', 'sentiment': 0.49, 'keyword_mentioned': 'Python', 'message_length': 34}
2025-09-18 12:03:38 | INFO | {'message': 'I just saw Python! It was funny.', 'author': 'Alice', 'timestamp': '2025-09-18 12:03:38', 'category': 'tech', 'sentiment': 0.31, 'keyword_mentioned': 'Python', 'message_length': 32}
2025-09-18 12:03:45 | INFO | {'message': 'I just saw game! It was amazing.', 'author': 'Alice', 'timestamp': '2025-09-18 12:03:45', 'category': 'gaming', 'sentiment': 0.26, 'keyword_mentioned': 'game', 'message_length': 32}
2025-09-18 12:03:50 | INFO | {'message': 'I just tried a story! It was amazing.', 'author': 'Bob', 'timestamp': '2025-09-18 12:03:50', 'category': 'other', 'sentiment': 0.15, 'keyword_mentioned': 'other', 'message_length': 37}
2025-09-18 12:03:55 | INFO | {'message': 'I just saw JavaScript! It was funny.', 'author': 'Eve', 'timestamp': '2025-09-18 12:03:55', 'category': 'tech', 'sentiment': 0.91, 'keyword_mentioned': 'JavaScript', 'message_length': 36}
2025-09-18 12:04:00 | INFO | {'message': 'I just found game! It was funny.', 'author': 'Charlie', 'timestamp': '2025-09-18 12:04:00', 'category': 'gaming', 'sentiment': 0.94, 'keyword_mentioned': 'game', 'message_length': 32}
2025-09-18 12:04:05 | INFO | {'message': 'I just tried travel! It was boring.', 'author': 'Charlie', 'timestamp': '2025-09-18 12:04:05', 'category': 'travel', 'sentiment': 0.73, 'keyword_mentioned': 'travel', 'message_length': 35}
2025-09-18 12:04:10 | INFO | {'message': 'I just found JavaScript! It was weird.', 'author': 'Bob', 'timestamp': '2025-09-18 12:04:10', 'category': 'tech', 'sentiment': 0.66, 'keyword_mentioned': 'JavaScript', 'message_length': 38}
2025-09-18 12:04:18 | INFO | {'message': 'I just shared recipe! It was amazing.', 'author': 'Bob', 'timestamp': '2025-09-18 12:04:18', 'category': 'food', 'sentiment': 0.92, 'keyword_mentioned': 'recipe', 'message_length': 37}
2025-09-18 12:04:23 | INFO | {'message': 'I just loved recipe! It was funny.', 'author': 'Bob', 'timestamp': '2025-09-18 12:04:23', 'category': 'food', 'sentiment': 1.0, 'keyword_mentioned': 'recipe', 'message_length': 34}
